Log file open, 12/14/19 18:05:47
LogWindows: Failed to load 'aqProf.dll' (GetLastError=126)
LogWindows: File 'aqProf.dll' does not exist
LogWindows: Failed to load 'VtuneApi.dll' (GetLastError=126)
LogWindows: File 'VtuneApi.dll' does not exist
LogWindows: Failed to load 'VtuneApi32e.dll' (GetLastError=126)
LogWindows: File 'VtuneApi32e.dll' does not exist
LogConsoleResponse: Display: Failed to find resolution value strings in scalability ini. Falling back to default.
LogInit: Display: Running engine for game: GoodMorningSimulator
LogPlatformFile: Not using cached read wrapper
LogTaskGraph: Started task graph with 5 named threads and 23 total threads with 3 sets of task threads.
LogStats: Stats thread started at 2.294805
LogD3D11RHI: Loaded GFSDK_Aftermath_Lib.x64.dll
LogICUInternationalization: ICU TimeZone Detection - Raw Offset: +1:00, Platform Override: ''
LogPluginManager: Mounting plugin Paper2D
LogPluginManager: Mounting plugin AISupport
LogPluginManager: Mounting plugin LightPropagationVolume
LogPluginManager: Mounting plugin ActorLayerUtilities
LogPluginManager: Mounting plugin AnimationSharing
LogPluginManager: Mounting plugin CLionSourceCodeAccess
LogPluginManager: Mounting plugin CodeLiteSourceCodeAccess
LogPluginManager: Mounting plugin GitSourceControl
LogPluginManager: Mounting plugin KDevelopSourceCodeAccess
LogPluginManager: Mounting plugin NullSourceCodeAccess
LogPluginManager: Mounting plugin PerforceSourceControl
LogPluginManager: Mounting plugin PlasticSourceControl
LogPluginManager: Mounting plugin SubversionSourceControl
LogPluginManager: Mounting plugin UObjectPlugin
LogPluginManager: Mounting plugin VisualStudioCodeSourceCodeAccess
LogPluginManager: Mounting plugin VisualStudioSourceCodeAccess
LogPluginManager: Mounting plugin XCodeSourceCodeAccess
LogPluginManager: Mounting plugin AssetManagerEditor
LogPluginManager: Mounting plugin CryptoKeys
LogPluginManager: Mounting plugin CurveEditorTools
LogPluginManager: Mounting plugin DataValidation
LogPluginManager: Mounting plugin FacialAnimation
LogPluginManager: Mounting plugin GameplayTagsEditor
LogPluginManager: Mounting plugin MacGraphicsSwitching
LogPluginManager: Mounting plugin MaterialAnalyzer
LogPluginManager: Mounting plugin MobileLauncherProfileWizard
LogPluginManager: Mounting plugin PluginBrowser
LogPluginManager: Mounting plugin SpeedTreeImporter
LogPluginManager: Mounting plugin DatasmithContent
LogPluginManager: Mounting plugin VariantManagerContent
LogPluginManager: Mounting plugin AlembicImporter
LogPluginManager: Mounting plugin AutomationUtils
LogPluginManager: Mounting plugin BackChannel
LogPluginManager: Mounting plugin CharacterAI
LogPluginManager: Mounting plugin GeometryCache
LogPluginManager: Mounting plugin PlatformCrypto
LogPluginManager: Mounting plugin ProxyLODPlugin
LogPluginManager: Mounting plugin SkeletalReduction
LogPluginManager: Mounting plugin MagicLeap
LogPluginManager: Mounting plugin MagicLeapMedia
LogPluginManager: Mounting plugin MLSDK
LogPluginManager: Mounting plugin AndroidMedia
LogPluginManager: Mounting plugin AvfMedia
LogPluginManager: Mounting plugin ImgMedia
LogPluginManager: Mounting plugin MediaCompositing
LogPluginManager: Mounting plugin MediaPlayerEditor
LogPluginManager: Mounting plugin WebMMedia
LogPluginManager: Mounting plugin WmfMedia
LogPluginManager: Mounting plugin TcpMessaging
LogPluginManager: Mounting plugin UdpMessaging
LogPluginManager: Mounting plugin ActorSequence
LogPluginManager: Mounting plugin LevelSequenceEditor
LogPluginManager: Mounting plugin MatineeToLevelSequence
LogPluginManager: Mounting plugin NetcodeUnitTest
LogPluginManager: Mounting plugin NUTUnrealEngine4
LogPluginManager: Mounting plugin OnlineSubsystemGooglePlay
LogPluginManager: Mounting plugin OnlineSubsystemIOS
LogPluginManager: Mounting plugin OnlineSubsystem
LogPluginManager: Mounting plugin OnlineSubsystemNull
LogPluginManager: Mounting plugin OnlineSubsystemUtils
LogPluginManager: Mounting plugin LauncherChunkInstaller
LogPluginManager: Mounting plugin AndroidDeviceProfileSelector
LogPluginManager: Mounting plugin AndroidMoviePlayer
LogPluginManager: Mounting plugin AndroidPermission
LogPluginManager: Mounting plugin AppleImageUtils
LogPluginManager: Mounting plugin AppleMoviePlayer
LogPluginManager: Mounting plugin ArchVisCharacter
LogPluginManager: Mounting plugin AssetTags
LogPluginManager: Mounting plugin AudioCapture
LogPluginManager: Mounting plugin CableComponent
LogPluginManager: Mounting plugin CustomMeshComponent
LogPluginManager: Mounting plugin EditableMesh
LogPluginManager: Mounting plugin ExampleDeviceProfileSelector
LogPluginManager: Mounting plugin GoogleCloudMessaging
LogPluginManager: Mounting plugin IOSDeviceProfileSelector
LogPluginManager: Mounting plugin LinuxDeviceProfileSelector
LogPluginManager: Mounting plugin LocationServicesBPLibrary
LogPluginManager: Mounting plugin MobilePatchingUtils
LogPluginManager: Mounting plugin OculusVR
LogPluginManager: Mounting plugin PhysXVehicles
LogPluginManager: Mounting plugin PostSplashScreen
LogPluginManager: Mounting plugin ProceduralMeshComponent
LogPluginManager: Mounting plugin RuntimePhysXCooking
LogPluginManager: Mounting plugin SignificanceManager
LogPluginManager: Mounting plugin SteamVR
LogPluginManager: Mounting plugin WebMMoviePlayer
LogPluginManager: Mounting plugin WindowsMoviePlayer
LogPluginManager: Mounting plugin ScreenshotTools
LogInit: Using libcurl 7.55.1-DEV
LogInit:  - built for x86_64-pc-win32
LogInit:  - supports SSL with OpenSSL/1.1.1
LogInit:  - supports HTTP deflate (compression) using libz 1.2.8
LogInit:  - other features:
LogInit:      CURL_VERSION_SSL
LogInit:      CURL_VERSION_LIBZ
LogInit:      CURL_VERSION_IPV6
LogInit:      CURL_VERSION_ASYNCHDNS
LogInit:      CURL_VERSION_LARGEFILE
LogInit:      CURL_VERSION_IDN
LogInit:  CurlRequestOptions (configurable via config and command line):
LogInit:  - bVerifyPeer = true  - Libcurl will verify peer certificate
LogInit:  - bUseHttpProxy = false  - Libcurl will NOT use HTTP proxy
LogInit:  - bDontReuseConnections = false  - Libcurl will reuse connections
LogInit:  - MaxHostConnections = 16  - Libcurl will limit the number of connections to a host
LogInit:  - LocalHostAddr = Default
LogInit:  - BufferSize = 65536
LogOnline: OSS: Creating online subsystem instance for: NULL
LogInit: WinSock: version 1.1 (2.2), MaxSocks=32767, MaxUdp=65467
LogOnline: OSS: TryLoadSubsystemAndSetDefault: Loaded subsystem for module [NULL]
LogInit: Build: ++UE4+Release-4.24-CL-10570792
LogInit: Engine Version: 4.24.0-10570792+++UE4+Release-4.24
LogInit: Compatible Engine Version: 4.24.0-10570792+++UE4+Release-4.24
LogInit: Net CL: 10570792
LogInit: OS: Windows 10 (Release 1903) (), CPU: Intel(R) Core(TM) i7-7700HQ CPU @ 2.80GHz, GPU: Intel(R) HD Graphics 630
LogInit: Compiled (64-bit): Dec  6 2019 02:05:13
LogInit: Compiled with Visual C++: 19.16.27032.01
LogInit: Build Configuration: Development
LogInit: Branch Name: ++UE4+Release-4.24
LogInit: Command Line: 
LogInit: Base Directory: D:/soft/UE_4.23/UE_4.24/Engine/Binaries/Win64/
LogInit: Installed Engine Build: 1
LogDevObjectVersion: Number of dev versions registered: 25
LogDevObjectVersion:   Dev-Blueprints (B0D832E4-1F89-4F0D-ACCF-7EB736FD4AA2): 10
LogDevObjectVersion:   Dev-Build (E1C64328-A22C-4D53-A36C-8E866417BD8C): 0
LogDevObjectVersion:   Dev-Core (375EC13C-06E4-48FB-B500-84F0262A717E): 3
LogDevObjectVersion:   Dev-Editor (E4B068ED-F494-42E9-A231-DA0B2E46BB41): 37
LogDevObjectVersion:   Dev-Framework (CFFC743F-43B0-4480-9391-14DF171D2073): 36
LogDevObjectVersion:   Dev-Mobile (B02B49B5-BB20-44E9-A304-32B752E40360): 2
LogDevObjectVersion:   Dev-Networking (A4E4105C-59A1-49B5-A7C5-40C4547EDFEE): 0
LogDevObjectVersion:   Dev-Online (39C831C9-5AE6-47DC-9A44-9C173E1C8E7C): 0
LogDevObjectVersion:   Dev-Physics (78F01B33-EBEA-4F98-B9B4-84EACCB95AA2): 2
LogDevObjectVersion:   Dev-Platform (6631380F-2D4D-43E0-8009-CF276956A95A): 0
LogDevObjectVersion:   Dev-Rendering (12F88B9F-8875-4AFC-A67C-D90C383ABD29): 36
LogDevObjectVersion:   Dev-Sequencer (7B5AE74C-D270-4C10-A958-57980B212A5A): 11
LogDevObjectVersion:   Dev-VR (D7296918-1DD6-4BDD-9DE2-64A83CC13884): 2
LogDevObjectVersion:   Dev-LoadTimes (C2A15278-BFE7-4AFE-6C17-90FF531DF755): 1
LogDevObjectVersion:   Private-Geometry (6EACA3D4-40EC-4CC1-B786-8BED09428FC5): 3
LogDevObjectVersion:   Dev-AnimPhys (29E575DD-E0A3-4627-9D10-D276232CDCEA): 17
LogDevObjectVersion:   Dev-Anim (AF43A65D-7FD3-4947-9873-3E8ED9C1BB05): 2
LogDevObjectVersion:   Dev-ReflectionCapture (6B266CEC-1EC7-4B8F-A30B-E4D90942FC07): 1
LogDevObjectVersion:   Dev-Automation (0DF73D61-A23F-47EA-B727-89E90C41499A): 1
LogDevObjectVersion:   FortniteMain (601D1886-AC64-4F84-AA16-D3DE0DEAC7D6): 31
LogDevObjectVersion:   Dev-Enterprise (9DFFBCD6-494F-0158-E221-12823C92A888): 8
LogDevObjectVersion:   Dev-Niagara (F2AED0AC-9AFE-416F-8664-AA7FFA26D6FC): 1
LogDevObjectVersion:   Dev-Destruction (174F1F0B-B4C6-45A5-B13F-2EE8D0FB917D): 9
LogDevObjectVersion:   Dev-Physics-Ext (35F94A83-E258-406C-A318-09F59610247C): 8
LogDevObjectVersion:   Dev-CineCamera (B2E18506-4273-CFC2-A54E-F4BB758BBA07): 1
LogInit: Presizing for max 25165824 objects, including 0 objects not considered by GC, pre-allocating 0 bytes for permanent pool.
LogInit: Object subsystem initialized
LogConfig: Setting CVar [[con.DebugEarlyDefault:1]]
LogConfig: Setting CVar [[r.setres:1280x720]]
[2019.12.14-17.05.49:246][  0]LogConfig: Setting CVar [[r.VSync:0]]
[2019.12.14-17.05.49:246][  0]LogConfig: Setting CVar [[r.RHICmdBypass:0]]
[2019.12.14-17.05.49:246][  0]LogConfig: Applying CVar settings from Section [/Script/Engine.RendererSettings] File [D:/skola/2/Technology-Driven Experimental Game Design/module3/GoodMorningSimulator/GoodMorningSimulator/Saved/Config/Windows/Engine.ini]
[2019.12.14-17.05.49:246][  0]LogConfig: Setting CVar [[r.GPUCrashDebugging:0]]
[2019.12.14-17.05.49:246][  0]LogConfig: Applying CVar settings from Section [/Script/Engine.RendererOverrideSettings] File [D:/skola/2/Technology-Driven Experimental Game Design/module3/GoodMorningSimulator/GoodMorningSimulator/Saved/Config/Windows/Engine.ini]
[2019.12.14-17.05.49:247][  0]LogConfig: Applying CVar settings from Section [/Script/Engine.StreamingSettings] File [D:/skola/2/Technology-Driven Experimental Game Design/module3/GoodMorningSimulator/GoodMorningSimulator/Saved/Config/Windows/Engine.ini]
[2019.12.14-17.05.49:247][  0]LogConfig: Setting CVar [[s.MinBulkDataSizeForAsyncLoading:131072]]
[2019.12.14-17.05.49:247][  0]LogConfig: Setting CVar [[s.AsyncLoadingThreadEnabled:0]]
[2019.12.14-17.05.49:247][  0]LogConfig: Setting CVar [[s.EventDrivenLoaderEnabled:1]]
[2019.12.14-17.05.49:247][  0]LogConfig: Setting CVar [[s.WarnIfTimeLimitExceeded:0]]
[2019.12.14-17.05.49:247][  0]LogConfig: Setting CVar [[s.TimeLimitExceededMultiplier:1.5]]
[2019.12.14-17.05.49:247][  0]LogConfig: Setting CVar [[s.TimeLimitExceededMinTime:0.005]]
[2019.12.14-17.05.49:247][  0]LogConfig: Setting CVar [[s.UseBackgroundLevelStreaming:1]]
[2019.12.14-17.05.49:247][  0]LogConfig: Setting CVar [[s.PriorityAsyncLoadingExtraTime:15.0]]
[2019.12.14-17.05.49:247][  0]LogConfig: Setting CVar [[s.LevelStreamingActorsUpdateTimeLimit:5.0]]
[2019.12.14-17.05.49:247][  0]LogConfig: Setting CVar [[s.PriorityLevelStreamingActorsUpdateExtraTime:5.0]]
[2019.12.14-17.05.49:247][  0]LogConfig: Setting CVar [[s.LevelStreamingComponentsRegistrationGranularity:10]]
[2019.12.14-17.05.49:247][  0]LogConfig: Setting CVar [[s.UnregisterComponentsTimeLimit:1.0]]
[2019.12.14-17.05.49:247][  0]LogConfig: Setting CVar [[s.LevelStreamingComponentsUnregistrationGranularity:5]]
[2019.12.14-17.05.49:247][  0]LogConfig: Setting CVar [[s.FlushStreamingOnExit:1]]
[2019.12.14-17.05.49:247][  0]LogConfig: Applying CVar settings from Section [/Script/Engine.GarbageCollectionSettings] File [D:/skola/2/Technology-Driven Experimental Game Design/module3/GoodMorningSimulator/GoodMorningSimulator/Saved/Config/Windows/Engine.ini]
[2019.12.14-17.05.49:247][  0]LogConfig: Setting CVar [[gc.MaxObjectsNotConsideredByGC:1]]
[2019.12.14-17.05.49:247][  0]LogConfig: Setting CVar [[gc.SizeOfPermanentObjectPool:0]]
[2019.12.14-17.05.49:247][  0]LogConfig: Setting CVar [[gc.FlushStreamingOnGC:0]]
[2019.12.14-17.05.49:247][  0]LogConfig: Setting CVar [[gc.NumRetriesBeforeForcingGC:10]]
[2019.12.14-17.05.49:247][  0]LogConfig: Setting CVar [[gc.AllowParallelGC:1]]
[2019.12.14-17.05.49:247][  0]LogConfig: Setting CVar [[gc.TimeBetweenPurgingPendingKillObjects:61.1]]
[2019.12.14-17.05.49:247][  0]LogConfig: Setting CVar [[gc.MaxObjectsInEditor:25165824]]
[2019.12.14-17.05.49:247][  0]LogConfig: Setting CVar [[gc.IncrementalBeginDestroyEnabled:1]]
[2019.12.14-17.05.49:247][  0]LogConfig: Setting CVar [[gc.CreateGCClusters:1]]
[2019.12.14-17.05.49:247][  0]LogConfig: Setting CVar [[gc.MinGCClusterSize:5]]
[2019.12.14-17.05.49:247][  0]LogConfig: Setting CVar [[gc.ActorClusteringEnabled:0]]
[2019.12.14-17.05.49:247][  0]LogConfig: Setting CVar [[gc.BlueprintClusteringEnabled:0]]
[2019.12.14-17.05.49:247][  0]LogConfig: Setting CVar [[gc.UseDisregardForGCOnDedicatedServers:0]]
[2019.12.14-17.05.49:247][  0]LogConfig: Applying CVar settings from Section [/Script/Engine.NetworkSettings] File [D:/skola/2/Technology-Driven Experimental Game Design/module3/GoodMorningSimulator/GoodMorningSimulator/Saved/Config/Windows/Engine.ini]
[2019.12.14-17.05.49:247][  0]LogConfig: Applying CVar settings from Section [/Script/UnrealEd.CookerSettings] File [D:/skola/2/Technology-Driven Experimental Game Design/module3/GoodMorningSimulator/GoodMorningSimulator/Saved/Config/Windows/Engine.ini]
[2019.12.14-17.05.49:260][  0]LogConfig: Applying CVar settings from Section [ViewDistanceQuality@3] File [D:/skola/2/Technology-Driven Experimental Game Design/module3/GoodMorningSimulator/GoodMorningSimulator/Saved/Config/Windows/Scalability.ini]
[2019.12.14-17.05.49:260][  0]LogConfig: Setting CVar [[r.SkeletalMeshLODBias:0]]
[2019.12.14-17.05.49:260][  0]LogConfig: Setting CVar [[r.ViewDistanceScale:1.0]]
[2019.12.14-17.05.49:260][  0]LogConfig: Applying CVar settings from Section [AntiAliasingQuality@3] File [D:/skola/2/Technology-Driven Experimental Game Design/module3/GoodMorningSimulator/GoodMorningSimulator/Saved/Config/Windows/Scalability.ini]
[2019.12.14-17.05.49:260][  0]LogConfig: Setting CVar [[r.PostProcessAAQuality:4]]
[2019.12.14-17.05.49:260][  0]LogConfig: Applying CVar settings from Section [ShadowQuality@3] File [D:/skola/2/Technology-Driven Experimental Game Design/module3/GoodMorningSimulator/GoodMorningSimulator/Saved/Config/Windows/Scalability.ini]
[2019.12.14-17.05.49:260][  0]LogConfig: Setting CVar [[r.LightFunctionQuality:1]]
[2019.12.14-17.05.49:260][  0]LogConfig: Setting CVar [[r.ShadowQuality:5]]
[2019.12.14-17.05.49:260][  0]LogConfig: Setting CVar [[r.Shadow.CSM.MaxCascades:10]]
[2019.12.14-17.05.49:260][  0]LogConfig: Setting CVar [[r.Shadow.MaxResolution:2048]]
[2019.12.14-17.05.49:260][  0]LogConfig: Setting CVar [[r.Shadow.MaxCSMResolution:2048]]
[2019.12.14-17.05.49:261][  0]LogConfig: Setting CVar [[r.Shadow.RadiusThreshold:0.01]]
[2019.12.14-17.05.49:261][  0]LogConfig: Setting CVar [[r.Shadow.DistanceScale:1.0]]
[2019.12.14-17.05.49:261][  0]LogConfig: Setting CVar [[r.Shadow.CSM.TransitionScale:1.0]]
[2019.12.14-17.05.49:261][  0]LogConfig: Setting CVar [[r.Shadow.PreShadowResolutionFactor:1.0]]
[2019.12.14-17.05.49:261][  0]LogConfig: Setting CVar [[r.DistanceFieldShadowing:1]]
[2019.12.14-17.05.49:261][  0]LogConfig: Setting CVar [[r.DistanceFieldAO:1]]
[2019.12.14-17.05.49:261][  0]LogConfig: Setting CVar [[r.AOQuality:2]]
[2019.12.14-17.05.49:261][  0]LogConfig: Setting CVar [[r.VolumetricFog:1]]
[2019.12.14-17.05.49:261][  0]LogConfig: Setting CVar [[r.VolumetricFog.GridPixelSize:8]]
[2019.12.14-17.05.49:261][  0]LogConfig: Setting CVar [[r.VolumetricFog.GridSizeZ:128]]
[2019.12.14-17.05.49:261][  0]LogConfig: Setting CVar [[r.VolumetricFog.HistoryMissSupersampleCount:4]]
[2019.12.14-17.05.49:261][  0]LogConfig: Setting CVar [[r.LightMaxDrawDistanceScale:1]]
[2019.12.14-17.05.49:261][  0]LogConfig: Setting CVar [[r.CapsuleShadows:1]]
[2019.12.14-17.05.49:261][  0]LogConfig: Applying CVar settings from Section [PostProcessQuality@3] File [D:/skola/2/Technology-Driven Experimental Game Design/module3/GoodMorningSimulator/GoodMorningSimulator/Saved/Config/Windows/Scalability.ini]
[2019.12.14-17.05.49:261][  0]LogConfig: Setting CVar [[r.MotionBlurQuality:4]]
[2019.12.14-17.05.49:261][  0]LogConfig: Setting CVar [[r.AmbientOcclusionMipLevelFactor:0.4]]
[2019.12.14-17.05.49:261][  0]LogConfig: Setting CVar [[r.AmbientOcclusionMaxQuality:100]]
[2019.12.14-17.05.49:261][  0]LogConfig: Setting CVar [[r.AmbientOcclusionLevels:-1]]
[2019.12.14-17.05.49:261][  0]LogConfig: Setting CVar [[r.AmbientOcclusionRadiusScale:1.0]]
[2019.12.14-17.05.49:261][  0]LogConfig: Setting CVar [[r.DepthOfFieldQuality:2]]
[2019.12.14-17.05.49:261][  0]LogConfig: Setting CVar [[r.RenderTargetPoolMin:400]]
[2019.12.14-17.05.49:261][  0]LogConfig: Setting CVar [[r.LensFlareQuality:2]]
[2019.12.14-17.05.49:261][  0]LogConfig: Setting CVar [[r.SceneColorFringeQuality:1]]
[2019.12.14-17.05.49:261][  0]LogConfig: Setting CVar [[r.EyeAdaptationQuality:2]]
[2019.12.14-17.05.49:261][  0]LogConfig: Setting CVar [[r.BloomQuality:5]]
[2019.12.14-17.05.49:261][  0]LogConfig: Setting CVar [[r.FastBlurThreshold:100]]
[2019.12.14-17.05.49:261][  0]LogConfig: Setting CVar [[r.Upscale.Quality:3]]
[2019.12.14-17.05.49:261][  0]LogConfig: Setting CVar [[r.Tonemapper.GrainQuantization:1]]
[2019.12.14-17.05.49:261][  0]LogConfig: Setting CVar [[r.LightShaftQuality:1]]
[2019.12.14-17.05.49:261][  0]LogConfig: Setting CVar [[r.Filter.SizeScale:1]]
[2019.12.14-17.05.49:261][  0]LogConfig: Setting CVar [[r.Tonemapper.Quality:5]]
[2019.12.14-17.05.49:261][  0]LogConfig: Setting CVar [[r.DOF.Gather.AccumulatorQuality:1        ; higher gathering accumulator quality]]
[2019.12.14-17.05.49:261][  0]LogConfig: Setting CVar [[r.DOF.Gather.PostfilterMethod:1          ; Median3x3 postfilering method]]
[2019.12.14-17.05.49:261][  0]LogConfig: Setting CVar [[r.DOF.Gather.EnableBokehSettings:0       ; no bokeh simulation when gathering]]
[2019.12.14-17.05.49:261][  0]LogConfig: Setting CVar [[r.DOF.Gather.RingCount:4                 ; medium number of samples when gathering]]
[2019.12.14-17.05.49:261][  0]LogConfig: Setting CVar [[r.DOF.Scatter.ForegroundCompositing:1    ; additive foreground scattering]]
[2019.12.14-17.05.49:261][  0]LogConfig: Setting CVar [[r.DOF.Scatter.BackgroundCompositing:2    ; additive background scattering]]
[2019.12.14-17.05.49:261][  0]LogConfig: Setting CVar [[r.DOF.Scatter.EnableBokehSettings:1      ; bokeh simulation when scattering]]
[2019.12.14-17.05.49:261][  0]LogConfig: Setting CVar [[r.DOF.Scatter.MaxSpriteRatio:0.1         ; only a maximum of 10% of scattered bokeh]]
[2019.12.14-17.05.49:261][  0]LogConfig: Setting CVar [[r.DOF.Recombine.Quality:1                ; cheap slight out of focus]]
[2019.12.14-17.05.49:261][  0]LogConfig: Setting CVar [[r.DOF.Recombine.EnableBokehSettings:0    ; no bokeh simulation on slight out of focus]]
[2019.12.14-17.05.49:261][  0]LogConfig: Setting CVar [[r.DOF.TemporalAAQuality:1                ; more stable temporal accumulation]]
[2019.12.14-17.05.49:261][  0]LogConfig: Setting CVar [[r.DOF.Kernel.MaxForegroundRadius:0.025]]
[2019.12.14-17.05.49:261][  0]LogConfig: Setting CVar [[r.DOF.Kernel.MaxBackgroundRadius:0.025]]
[2019.12.14-17.05.49:261][  0]LogConfig: Applying CVar settings from Section [TextureQuality@3] File [D:/skola/2/Technology-Driven Experimental Game Design/module3/GoodMorningSimulator/GoodMorningSimulator/Saved/Config/Windows/Scalability.ini]
[2019.12.14-17.05.49:261][  0]LogConfig: Setting CVar [[r.Streaming.MipBias:0]]
[2019.12.14-17.05.49:261][  0]LogConfig: Setting CVar [[r.Streaming.AmortizeCPUToGPUCopy:0]]
[2019.12.14-17.05.49:261][  0]LogConfig: Setting CVar [[r.Streaming.MaxNumTexturesToStreamPerFrame:0]]
[2019.12.14-17.05.49:261][  0]LogConfig: Setting CVar [[r.Streaming.Boost:1]]
[2019.12.14-17.05.49:261][  0]LogConfig: Setting CVar [[r.MaxAnisotropy:8]]
[2019.12.14-17.05.49:261][  0]LogConfig: Setting CVar [[r.VT.MaxAnisotropy:8]]
[2019.12.14-17.05.49:261][  0]LogConfig: Setting CVar [[r.Streaming.LimitPoolSizeToVRAM:0]]
[2019.12.14-17.05.49:261][  0]LogConfig: Setting CVar [[r.Streaming.PoolSize:1000]]
[2019.12.14-17.05.49:261][  0]LogConfig: Setting CVar [[r.Streaming.MaxEffectiveScreenSize:0]]
[2019.12.14-17.05.49:261][  0]LogConfig: Applying CVar settings from Section [EffectsQuality@3] File [D:/skola/2/Technology-Driven Experimental Game Design/module3/GoodMorningSimulator/GoodMorningSimulator/Saved/Config/Windows/Scalability.ini]
[2019.12.14-17.05.49:261][  0]LogConfig: Setting CVar [[r.TranslucencyLightingVolumeDim:64]]
[2019.12.14-17.05.49:261][  0]LogConfig: Setting CVar [[r.RefractionQuality:2]]
[2019.12.14-17.05.49:261][  0]LogConfig: Setting CVar [[r.SSR.Quality:3]]
[2019.12.14-17.05.49:261][  0]LogConfig: Setting CVar [[r.SSR.HalfResSceneColor:0]]
[2019.12.14-17.05.49:261][  0]LogConfig: Setting CVar [[r.SceneColorFormat:4]]
[2019.12.14-17.05.49:262][  0]LogConfig: Setting CVar [[r.DetailMode:2]]
[2019.12.14-17.05.49:262][  0]LogConfig: Setting CVar [[r.TranslucencyVolumeBlur:1]]
[2019.12.14-17.05.49:262][  0]LogConfig: Setting CVar [[r.MaterialQualityLevel:1 ; High quality]]
[2019.12.14-17.05.49:262][  0]LogConfig: Setting CVar [[r.SSS.Scale:1]]
[2019.12.14-17.05.49:262][  0]LogConfig: Setting CVar [[r.SSS.SampleSet:2]]
[2019.12.14-17.05.49:262][  0]LogConfig: Setting CVar [[r.SSS.Quality:1]]
[2019.12.14-17.05.49:262][  0]LogConfig: Setting CVar [[r.SSS.HalfRes:1]]
[2019.12.14-17.05.49:262][  0]LogConfig: Setting CVar [[r.SSGI.Quality:3]]
[2019.12.14-17.05.49:262][  0]LogConfig: Setting CVar [[r.EmitterSpawnRateScale:1.0]]
[2019.12.14-17.05.49:262][  0]LogConfig: Setting CVar [[r.ParticleLightQuality:2]]
[2019.12.14-17.05.49:262][  0]LogConfig: Setting CVar [[r.SkyAtmosphere.AerialPerspectiveLUT.FastApplyOnOpaque:1 ; Always have FastSkyLUT 1 in this case to avoid wrong sky]]
[2019.12.14-17.05.49:262][  0]LogConfig: Setting CVar [[r.SkyAtmosphere.AerialPerspectiveLUT.SampleCountPerSlice:1]]
[2019.12.14-17.05.49:262][  0]LogConfig: Setting CVar [[r.SkyAtmosphere.AerialPerspectiveLUT.DepthResolution:16.0]]
[2019.12.14-17.05.49:262][  0]LogConfig: Setting CVar [[r.SkyAtmosphere.FastSkyLUT:1]]
[2019.12.14-17.05.49:262][  0]LogConfig: Setting CVar [[r.SkyAtmosphere.FastSkyLUT.SampleCountMin:4.0]]
[2019.12.14-17.05.49:262][  0]LogConfig: Setting CVar [[r.SkyAtmosphere.FastSkyLUT.SampleCountMax:32.0]]
[2019.12.14-17.05.49:262][  0]LogConfig: Setting CVar [[r.SkyAtmosphere.SampleCountMin:4.0]]
[2019.12.14-17.05.49:262][  0]LogConfig: Setting CVar [[r.SkyAtmosphere.SampleCountMax:32.0]]
[2019.12.14-17.05.49:262][  0]LogConfig: Setting CVar [[r.SkyAtmosphere.TransmittanceLUT.UseSmallFormat:0]]
[2019.12.14-17.05.49:262][  0]LogConfig: Setting CVar [[r.SkyAtmosphere.TransmittanceLUT.SampleCount:10.0]]
[2019.12.14-17.05.49:262][  0]LogConfig: Setting CVar [[r.SkyAtmosphere.MultiScatteringLUT.SampleCount:15.0]]
[2019.12.14-17.05.49:262][  0]LogConfig: Applying CVar settings from Section [FoliageQuality@3] File [D:/skola/2/Technology-Driven Experimental Game Design/module3/GoodMorningSimulator/GoodMorningSimulator/Saved/Config/Windows/Scalability.ini]
[2019.12.14-17.05.49:262][  0]LogConfig: Setting CVar [[foliage.DensityScale:1.0]]
[2019.12.14-17.05.49:262][  0]LogConfig: Setting CVar [[grass.DensityScale:1.0]]
[2019.12.14-17.05.49:262][  0]LogConfig: Applying CVar settings from Section [ShadingQuality@3] File [D:/skola/2/Technology-Driven Experimental Game Design/module3/GoodMorningSimulator/GoodMorningSimulator/Saved/Config/Windows/Scalability.ini]
[2019.12.14-17.05.49:262][  0]LogConfig: Setting CVar [[r.HairStrands.SkyLighting.SampleCount:16]]
[2019.12.14-17.05.49:262][  0]LogConfig: Setting CVar [[r.HairStrands.SkyLighting.JitterIntegration:0]]
[2019.12.14-17.05.49:262][  0]LogConfig: Setting CVar [[r.HairStrands.SkyAO.SampleCount:16]]
[2019.12.14-17.05.49:262][  0]LogInit: Selected Device Profile: [Windows]
[2019.12.14-17.05.49:262][  0]LogInit: Applying CVar settings loaded from the selected device profile: [Windows]
[2019.12.14-17.05.49:271][  0]LogHAL: Display: Platform has ~ 16 GB [17038569472 / 17179869184 / 16], which maps to Larger [LargestMinGB=32, LargerMinGB=12, DefaultMinGB=8, SmallerMinGB=6, SmallestMinGB=0)
[2019.12.14-17.05.49:271][  0]LogInit: Going up to parent DeviceProfile []
[2019.12.14-17.05.49:271][  0]LogConfig: Applying CVar settings from Section [ViewDistanceQuality@3] File [D:/skola/2/Technology-Driven Experimental Game Design/module3/GoodMorningSimulator/GoodMorningSimulator/Saved/Config/Windows/Scalability.ini]
[2019.12.14-17.05.49:271][  0]LogConfig: Setting CVar [[r.SkeletalMeshLODBias:0]]
[2019.12.14-17.05.49:271][  0]LogConfig: Setting CVar [[r.ViewDistanceScale:1.0]]
[2019.12.14-17.05.49:271][  0]LogConfig: Applying CVar settings from Section [AntiAliasingQuality@2] File [D:/skola/2/Technology-Driven Experimental Game Design/module3/GoodMorningSimulator/GoodMorningSimulator/Saved/Config/Windows/Scalability.ini]
[2019.12.14-17.05.49:271][  0]LogConfig: Setting CVar [[r.PostProcessAAQuality:3]]
[2019.12.14-17.05.49:271][  0]LogConfig: Applying CVar settings from Section [ShadowQuality@3] File [D:/skola/2/Technology-Driven Experimental Game Design/module3/GoodMorningSimulator/GoodMorningSimulator/Saved/Config/Windows/Scalability.ini]
[2019.12.14-17.05.49:271][  0]LogConfig: Setting CVar [[r.LightFunctionQuality:1]]
[2019.12.14-17.05.49:271][  0]LogConfig: Setting CVar [[r.ShadowQuality:5]]
[2019.12.14-17.05.49:271][  0]LogConfig: Setting CVar [[r.Shadow.CSM.MaxCascades:10]]
[2019.12.14-17.05.49:271][  0]LogConfig: Setting CVar [[r.Shadow.MaxResolution:2048]]
[2019.12.14-17.05.49:271][  0]LogConfig: Setting CVar [[r.Shadow.MaxCSMResolution:2048]]
[2019.12.14-17.05.49:271][  0]LogConfig: Setting CVar [[r.Shadow.RadiusThreshold:0.01]]
[2019.12.14-17.05.49:271][  0]LogConfig: Setting CVar [[r.Shadow.DistanceScale:1.0]]
[2019.12.14-17.05.49:271][  0]LogConfig: Setting CVar [[r.Shadow.CSM.TransitionScale:1.0]]
[2019.12.14-17.05.49:271][  0]LogConfig: Setting CVar [[r.Shadow.PreShadowResolutionFactor:1.0]]
[2019.12.14-17.05.49:271][  0]LogConfig: Setting CVar [[r.DistanceFieldShadowing:1]]
[2019.12.14-17.05.49:271][  0]LogConfig: Setting CVar [[r.DistanceFieldAO:1]]
[2019.12.14-17.05.49:271][  0]LogConfig: Setting CVar [[r.AOQuality:2]]
[2019.12.14-17.05.49:271][  0]LogConfig: Setting CVar [[r.VolumetricFog:1]]
[2019.12.14-17.05.49:271][  0]LogConfig: Setting CVar [[r.VolumetricFog.GridPixelSize:8]]
[2019.12.14-17.05.49:271][  0]LogConfig: Setting CVar [[r.VolumetricFog.GridSizeZ:128]]
[2019.12.14-17.05.49:271][  0]LogConfig: Setting CVar [[r.VolumetricFog.HistoryMissSupersampleCount:4]]
[2019.12.14-17.05.49:271][  0]LogConfig: Setting CVar [[r.LightMaxDrawDistanceScale:1]]
[2019.12.14-17.05.49:271][  0]LogConfig: Setting CVar [[r.CapsuleShadows:1]]
[2019.12.14-17.05.49:271][  0]LogConfig: Applying CVar settings from Section [PostProcessQuality@2] File [D:/skola/2/Technology-Driven Experimental Game Design/module3/GoodMorningSimulator/GoodMorningSimulator/Saved/Config/Windows/Scalability.ini]
[2019.12.14-17.05.49:271][  0]LogConfig: Setting CVar [[r.MotionBlurQuality:3]]
[2019.12.14-17.05.49:271][  0]LogConfig: Setting CVar [[r.AmbientOcclusionMipLevelFactor:0.6]]
[2019.12.14-17.05.49:271][  0]LogConfig: Setting CVar [[r.AmbientOcclusionMaxQuality:100]]
[2019.12.14-17.05.49:271][  0]LogConfig: Setting CVar [[r.AmbientOcclusionLevels:-1]]
[2019.12.14-17.05.49:271][  0]LogConfig: Setting CVar [[r.AmbientOcclusionRadiusScale:1.5]]
[2019.12.14-17.05.49:271][  0]LogConfig: Setting CVar [[r.DepthOfFieldQuality:2]]
[2019.12.14-17.05.49:271][  0]LogConfig: Setting CVar [[r.RenderTargetPoolMin:400]]
[2019.12.14-17.05.49:271][  0]LogConfig: Setting CVar [[r.LensFlareQuality:2]]
[2019.12.14-17.05.49:271][  0]LogConfig: Setting CVar [[r.SceneColorFringeQuality:1]]
[2019.12.14-17.05.49:271][  0]LogConfig: Setting CVar [[r.EyeAdaptationQuality:2]]
[2019.12.14-17.05.49:271][  0]LogConfig: Setting CVar [[r.BloomQuality:5]]
[2019.12.14-17.05.49:271][  0]LogConfig: Setting CVar [[r.FastBlurThreshold:3]]
[2019.12.14-17.05.49:271][  0]LogConfig: Setting CVar [[r.Upscale.Quality:2]]
[2019.12.14-17.05.49:271][  0]LogConfig: Setting CVar [[r.Tonemapper.GrainQuantization:1]]
[2019.12.14-17.05.49:271][  0]LogConfig: Setting CVar [[r.LightShaftQuality:1]]
[2019.12.14-17.05.49:271][  0]LogConfig: Setting CVar [[r.Filter.SizeScale:0.8]]
[2019.12.14-17.05.49:271][  0]LogConfig: Setting CVar [[r.Tonemapper.Quality:5]]
[2019.12.14-17.05.49:271][  0]LogConfig: Setting CVar [[r.DOF.Gather.AccumulatorQuality:0        ; lower gathering accumulator quality]]
[2019.12.14-17.05.49:271][  0]LogConfig: Setting CVar [[r.DOF.Gather.PostfilterMethod:2          ; Max3x3 postfilering method]]
[2019.12.14-17.05.49:271][  0]LogConfig: Setting CVar [[r.DOF.Gather.EnableBokehSettings:0       ; no bokeh simulation when gathering]]
[2019.12.14-17.05.49:271][  0]LogConfig: Setting CVar [[r.DOF.Gather.RingCount:4                 ; medium number of samples when gathering]]
[2019.12.14-17.05.49:271][  0]LogConfig: Setting CVar [[r.DOF.Scatter.ForegroundCompositing:1    ; additive foreground scattering]]
[2019.12.14-17.05.49:271][  0]LogConfig: Setting CVar [[r.DOF.Scatter.BackgroundCompositing:1    ; no background occlusion]]
[2019.12.14-17.05.49:271][  0]LogConfig: Setting CVar [[r.DOF.Scatter.EnableBokehSettings:0      ; no bokeh simulation when scattering]]
[2019.12.14-17.05.49:271][  0]LogConfig: Setting CVar [[r.DOF.Scatter.MaxSpriteRatio:0.04        ; only a maximum of 4% of scattered bokeh]]
[2019.12.14-17.05.49:271][  0]LogConfig: Setting CVar [[r.DOF.Recombine.Quality:0                ; no slight out of focus]]
[2019.12.14-17.05.49:271][  0]LogConfig: Setting CVar [[r.DOF.TemporalAAQuality:0                ; faster temporal accumulation]]
[2019.12.14-17.05.49:271][  0]LogConfig: Setting CVar [[r.DOF.Kernel.MaxForegroundRadius:0.012   ; required because of AccumulatorQuality=0]]
[2019.12.14-17.05.49:271][  0]LogConfig: Setting CVar [[r.DOF.Kernel.MaxBackgroundRadius:0.012   ; required because of AccumulatorQuality=0]]
[2019.12.14-17.05.49:271][  0]LogConfig: Applying CVar settings from Section [TextureQuality@2] File [D:/skola/2/Technology-Driven Experimental Game Design/module3/GoodMorningSimulator/GoodMorningSimulator/Saved/Config/Windows/Scalability.ini]
[2019.12.14-17.05.49:271][  0]LogConfig: Setting CVar [[r.Streaming.MipBias:0]]
[2019.12.14-17.05.49:271][  0]LogConfig: Setting CVar [[r.Streaming.AmortizeCPUToGPUCopy:0]]
[2019.12.14-17.05.49:271][  0]LogConfig: Setting CVar [[r.Streaming.MaxNumTexturesToStreamPerFrame:0]]
[2019.12.14-17.05.49:271][  0]LogConfig: Setting CVar [[r.Streaming.Boost:1]]
[2019.12.14-17.05.49:271][  0]LogConfig: Setting CVar [[r.MaxAnisotropy:4]]
[2019.12.14-17.05.49:271][  0]LogConfig: Setting CVar [[r.VT.MaxAnisotropy:8]]
[2019.12.14-17.05.49:271][  0]LogConfig: Setting CVar [[r.Streaming.LimitPoolSizeToVRAM:1]]
[2019.12.14-17.05.49:271][  0]LogConfig: Setting CVar [[r.Streaming.PoolSize:800]]
[2019.12.14-17.05.49:272][  0]LogConfig: Setting CVar [[r.Streaming.MaxEffectiveScreenSize:0]]
[2019.12.14-17.05.49:272][  0]LogConfig: Applying CVar settings from Section [EffectsQuality@3] File [D:/skola/2/Technology-Driven Experimental Game Design/module3/GoodMorningSimulator/GoodMorningSimulator/Saved/Config/Windows/Scalability.ini]
[2019.12.14-17.05.49:272][  0]LogConfig: Setting CVar [[r.TranslucencyLightingVolumeDim:64]]
[2019.12.14-17.05.49:272][  0]LogConfig: Setting CVar [[r.RefractionQuality:2]]
[2019.12.14-17.05.49:272][  0]LogConfig: Setting CVar [[r.SSR.Quality:3]]
[2019.12.14-17.05.49:272][  0]LogConfig: Setting CVar [[r.SSR.HalfResSceneColor:0]]
[2019.12.14-17.05.49:272][  0]LogConfig: Setting CVar [[r.SceneColorFormat:4]]
[2019.12.14-17.05.49:272][  0]LogConfig: Setting CVar [[r.DetailMode:2]]
[2019.12.14-17.05.49:272][  0]LogConfig: Setting CVar [[r.TranslucencyVolumeBlur:1]]
[2019.12.14-17.05.49:272][  0]LogConfig: Setting CVar [[r.MaterialQualityLevel:1 ; High quality]]
[2019.12.14-17.05.49:272][  0]LogConfig: Setting CVar [[r.SSS.Scale:1]]
[2019.12.14-17.05.49:272][  0]LogConfig: Setting CVar [[r.SSS.SampleSet:2]]
[2019.12.14-17.05.49:272][  0]LogConfig: Setting CVar [[r.SSS.Quality:1]]
[2019.12.14-17.05.49:272][  0]LogConfig: Setting CVar [[r.SSS.HalfRes:1]]
[2019.12.14-17.05.49:272][  0]LogConfig: Setting CVar [[r.SSGI.Quality:3]]
[2019.12.14-17.05.49:272][  0]LogConfig: Setting CVar [[r.EmitterSpawnRateScale:1.0]]
[2019.12.14-17.05.49:272][  0]LogConfig: Setting CVar [[r.ParticleLightQuality:2]]
[2019.12.14-17.05.49:272][  0]LogConfig: Setting CVar [[r.SkyAtmosphere.AerialPerspectiveLUT.FastApplyOnOpaque:1 ; Always have FastSkyLUT 1 in this case to avoid wrong sky]]
[2019.12.14-17.05.49:272][  0]LogConfig: Setting CVar [[r.SkyAtmosphere.AerialPerspectiveLUT.SampleCountPerSlice:1]]
[2019.12.14-17.05.49:272][  0]LogConfig: Setting CVar [[r.SkyAtmosphere.AerialPerspectiveLUT.DepthResolution:16.0]]
[2019.12.14-17.05.49:272][  0]LogConfig: Setting CVar [[r.SkyAtmosphere.FastSkyLUT:1]]
[2019.12.14-17.05.49:272][  0]LogConfig: Setting CVar [[r.SkyAtmosphere.FastSkyLUT.SampleCountMin:4.0]]
[2019.12.14-17.05.49:272][  0]LogConfig: Setting CVar [[r.SkyAtmosphere.FastSkyLUT.SampleCountMax:32.0]]
[2019.12.14-17.05.49:272][  0]LogConfig: Setting CVar [[r.SkyAtmosphere.SampleCountMin:4.0]]
[2019.12.14-17.05.49:272][  0]LogConfig: Setting CVar [[r.SkyAtmosphere.SampleCountMax:32.0]]
[2019.12.14-17.05.49:272][  0]LogConfig: Setting CVar [[r.SkyAtmosphere.TransmittanceLUT.UseSmallFormat:0]]
[2019.12.14-17.05.49:272][  0]LogConfig: Setting CVar [[r.SkyAtmosphere.TransmittanceLUT.SampleCount:10.0]]
[2019.12.14-17.05.49:272][  0]LogConfig: Setting CVar [[r.SkyAtmosphere.MultiScatteringLUT.SampleCount:15.0]]
[2019.12.14-17.05.49:272][  0]LogConfig: Applying CVar settings from Section [FoliageQuality@2] File [D:/skola/2/Technology-Driven Experimental Game Design/module3/GoodMorningSimulator/GoodMorningSimulator/Saved/Config/Windows/Scalability.ini]
[2019.12.14-17.05.49:272][  0]LogConfig: Setting CVar [[foliage.DensityScale:0.8]]
[2019.12.14-17.05.49:272][  0]LogConfig: Setting CVar [[grass.DensityScale:0.8]]
[2019.12.14-17.05.49:272][  0]LogConfig: Applying CVar settings from Section [ShadingQuality@3] File [D:/skola/2/Technology-Driven Experimental Game Design/module3/GoodMorningSimulator/GoodMorningSimulator/Saved/Config/Windows/Scalability.ini]
[2019.12.14-17.05.49:272][  0]LogConfig: Setting CVar [[r.HairStrands.SkyLighting.SampleCount:16]]
[2019.12.14-17.05.49:272][  0]LogConfig: Setting CVar [[r.HairStrands.SkyLighting.JitterIntegration:0]]
[2019.12.14-17.05.49:272][  0]LogConfig: Setting CVar [[r.HairStrands.SkyAO.SampleCount:16]]
[2019.12.14-17.05.49:272][  0]LogConfig: Applying CVar settings from Section [Startup] File [../../../Engine/Config/ConsoleVariables.ini]
[2019.12.14-17.05.49:272][  0]LogConfig: Setting CVar [[net.UseAdaptiveNetUpdateFrequency:0]]
[2019.12.14-17.05.49:272][  0]LogConfig: Setting CVar [[p.chaos.AllowCreatePhysxBodies:1]]
[2019.12.14-17.05.49:272][  0]LogConfig: Applying CVar settings from Section [ConsoleVariables] File [D:/skola/2/Technology-Driven Experimental Game Design/module3/GoodMorningSimulator/GoodMorningSimulator/Saved/Config/Windows/Engine.ini]
[2019.12.14-17.05.49:272][  0]LogInit: Computer: DESKTOP-UP8KHHJ
[2019.12.14-17.05.49:273][  0]LogInit: User: travis
[2019.12.14-17.05.49:273][  0]LogInit: CPU Page size=4096, Cores=4
[2019.12.14-17.05.49:273][  0]LogInit: High frequency timer resolution =10.000000 MHz
[2019.12.14-17.05.49:273][  0]LogMemory: Memory total: Physical=15.9GB (16GB approx)
[2019.12.14-17.05.49:273][  0]LogMemory: Platform Memory Stats for Windows
[2019.12.14-17.05.49:273][  0]LogMemory: Process Physical Memory: 107.87 MB used, 107.88 MB peak
[2019.12.14-17.05.49:273][  0]LogMemory: Process Virtual Memory: 100.82 MB used, 100.82 MB peak
[2019.12.14-17.05.49:273][  0]LogMemory: Physical Memory: 6935.52 MB used,  9313.73 MB free, 16249.25 MB total
[2019.12.14-17.05.49:273][  0]LogMemory: Virtual Memory: 5138.07 MB used,  134212592.00 MB free, 134217728.00 MB total
[2019.12.14-17.05.49:278][  0]LogWindows: WindowsPlatformFeatures enabled
[2019.12.14-17.05.49:756][  0]LogInit: Using OS detected language (en-US).
[2019.12.14-17.05.49:756][  0]LogInit: Using OS detected locale (en-US).
[2019.12.14-17.05.49:756][  0]LogTextLocalizationManager: No specific localization for 'en-US' exists, so the 'en' localization will be used.
[2019.12.14-17.05.50:461][  0]LogInit: Setting process to per monitor DPI aware
[2019.12.14-17.05.50:819][  0]LogSlate: New Slate User Created.  User Index 0, Is Virtual User: 0
[2019.12.14-17.05.50:819][  0]LogSlate: Slate User Registered.  User Index 0, Is Virtual User: 0
[2019.12.14-17.05.51:830][  0]LogHMD: Failed to initialize OpenVR with code 110
[2019.12.14-17.05.51:830][  0]LogD3D11RHI: D3D11 min allowed feature level: 11_0
[2019.12.14-17.05.51:830][  0]LogD3D11RHI: D3D11 max allowed feature level: 11_0
[2019.12.14-17.05.51:830][  0]LogD3D11RHI: D3D11 adapters:
[2019.12.14-17.05.51:931][  0]LogD3D11RHI:    0. 'NVIDIA GeForce GTX 1050 Ti' (Feature Level 11_0)
[2019.12.14-17.05.51:931][  0]LogD3D11RHI:       4021/0/8124 MB DedicatedVideo/DedicatedSystem/SharedSystem, Outputs:1, VendorId:0x10de
[2019.12.14-17.05.51:956][  0]LogD3D11RHI:    1. 'Intel(R) HD Graphics 630' (Feature Level 11_0)
[2019.12.14-17.05.51:956][  0]LogD3D11RHI:       128/0/8124 MB DedicatedVideo/DedicatedSystem/SharedSystem, Outputs:0, VendorId:0x8086
[2019.12.14-17.05.51:963][  0]LogD3D11RHI:    2. 'Microsoft Basic Render Driver' (Feature Level 11_0)
[2019.12.14-17.05.51:963][  0]LogD3D11RHI:       0/0/8124 MB DedicatedVideo/DedicatedSystem/SharedSystem, Outputs:0, VendorId:0x1414
[2019.12.14-17.05.51:964][  0]LogD3D11RHI: Chosen D3D11 Adapter: 0
[2019.12.14-17.05.52:002][  0]LogD3D11RHI: Creating new Direct3DDevice
[2019.12.14-17.05.52:002][  0]LogD3D11RHI:     GPU DeviceId: 0x1c8c (for the marketing name, search the web for "GPU Device Id")
[2019.12.14-17.05.52:002][  0]LogWindows: EnumDisplayDevices:
[2019.12.14-17.05.52:002][  0]LogWindows:    0. 'Intel(R) HD Graphics 630' (P:1 D:1)
[2019.12.14-17.05.52:002][  0]LogWindows:    1. 'Intel(R) HD Graphics 630' (P:0 D:0)
[2019.12.14-17.05.52:003][  0]LogWindows:    2. 'Intel(R) HD Graphics 630' (P:0 D:0)
[2019.12.14-17.05.52:003][  0]LogWindows: DebugString: PrimaryIsNotTheChoosenAdapter PrimaryIsNotTheChoosenAdapter PrimaryIsNotTheChoosenAdapter FoundDriverCount:0 
[2019.12.14-17.05.52:003][  0]LogD3D11RHI:     Adapter Name: NVIDIA GeForce GTX 1050 Ti
[2019.12.14-17.05.52:003][  0]LogD3D11RHI:   Driver Version: Unknown (internal:Unknown, unified:Unknown)
[2019.12.14-17.05.52:003][  0]LogD3D11RHI:      Driver Date: Unknown
[2019.12.14-17.05.52:003][  0]LogRHI: Texture pool is 2814 MB (70% of 4021 MB)
[2019.12.14-17.05.52:086][  0]LogD3D11RHI: RHI has support for 64 bit atomics
[2019.12.14-17.05.52:086][  0]LogD3D11RHI: Async texture creation enabled
[2019.12.14-17.05.52:132][  0]LogD3D11RHI: GPU Timing Frequency: 1000.000000 (Debug: 2 1)
[2019.12.14-17.05.52:698][  0]LogTargetPlatformManager: Display: Loaded TargetPlatform 'AllDesktop'
[2019.12.14-17.05.52:821][  0]LogTargetPlatformManager: Display: Loaded TargetPlatform 'Android'
[2019.12.14-17.05.52:821][  0]LogTargetPlatformManager: Display: Loaded TargetPlatform 'Android_ASTC'
[2019.12.14-17.05.52:821][  0]LogTargetPlatformManager: Display: Loaded TargetPlatform 'Android_ATC'
[2019.12.14-17.05.52:821][  0]LogTargetPlatformManager: Display: Loaded TargetPlatform 'Android_DXT'
[2019.12.14-17.05.52:821][  0]LogTargetPlatformManager: Display: Loaded TargetPlatform 'Android_ETC1'
[2019.12.14-17.05.52:821][  0]LogTargetPlatformManager: Display: Loaded TargetPlatform 'Android_ETC1a'
[2019.12.14-17.05.52:821][  0]LogTargetPlatformManager: Display: Loaded TargetPlatform 'Android_ETC2'
[2019.12.14-17.05.52:821][  0]LogTargetPlatformManager: Display: Loaded TargetPlatform 'Android_PVRTC'
[2019.12.14-17.05.52:821][  0]LogTargetPlatformManager: Display: Loaded TargetPlatform 'AndroidClient'
[2019.12.14-17.05.52:821][  0]LogTargetPlatformManager: Display: Loaded TargetPlatform 'Android_ASTCClient'
[2019.12.14-17.05.52:821][  0]LogTargetPlatformManager: Display: Loaded TargetPlatform 'Android_ATCClient'
[2019.12.14-17.05.52:821][  0]LogTargetPlatformManager: Display: Loaded TargetPlatform 'Android_DXTClient'
[2019.12.14-17.05.52:821][  0]LogTargetPlatformManager: Display: Loaded TargetPlatform 'Android_ETC1Client'
[2019.12.14-17.05.52:821][  0]LogTargetPlatformManager: Display: Loaded TargetPlatform 'Android_ETC1aClient'
[2019.12.14-17.05.52:821][  0]LogTargetPlatformManager: Display: Loaded TargetPlatform 'Android_ETC2Client'
[2019.12.14-17.05.52:821][  0]LogTargetPlatformManager: Display: Loaded TargetPlatform 'Android_PVRTCClient'
[2019.12.14-17.05.52:821][  0]LogTargetPlatformManager: Display: Loaded TargetPlatform 'Android_Multi'
[2019.12.14-17.05.52:821][  0]LogTargetPlatformManager: Display: Loaded TargetPlatform 'Android_MultiClient'
[2019.12.14-17.05.52:860][  0]LogTargetPlatformManager: Display: Loaded TargetPlatform 'IOSClient'
[2019.12.14-17.05.52:860][  0]LogTargetPlatformManager: Display: Loaded TargetPlatform 'IOS'
[2019.12.14-17.05.52:866][  0]LogTargetPlatformManager: Display: Loaded TargetPlatform 'LinuxNoEditor'
[2019.12.14-17.05.52:874][  0]LogTargetPlatformManager: Display: Loaded TargetPlatform 'LinuxClient'
[2019.12.14-17.05.52:882][  0]LogTargetPlatformManager: Display: Loaded TargetPlatform 'LinuxServer'
[2019.12.14-17.05.52:889][  0]LogTargetPlatformManager: Display: Loaded TargetPlatform 'LinuxAArch64NoEditor'
[2019.12.14-17.05.52:895][  0]LogTargetPlatformManager: Display: Loaded TargetPlatform 'LinuxAArch64Client'
[2019.12.14-17.05.52:902][  0]LogTargetPlatformManager: Display: Loaded TargetPlatform 'LinuxAArch64Server'
[2019.12.14-17.05.52:926][  0]LogTargetPlatformManager: Display: Loaded TargetPlatform 'Lumin'
[2019.12.14-17.05.52:927][  0]LogTargetPlatformManager: Display: Loaded TargetPlatform 'LuminClient'
[2019.12.14-17.05.52:941][  0]LogTargetPlatformManager: Display: Loaded TargetPlatform 'TVOSClient'
[2019.12.14-17.05.52:941][  0]LogTargetPlatformManager: Display: Loaded TargetPlatform 'TVOS'
[2019.12.14-17.05.52:948][  0]LogTargetPlatformManager: Display: Loaded TargetPlatform 'WindowsNoEditor'
[2019.12.14-17.05.52:956][  0]LogTargetPlatformManager: Display: Loaded TargetPlatform 'Windows'
[2019.12.14-17.05.52:964][  0]LogTargetPlatformManager: Display: Loaded TargetPlatform 'WindowsClient'
[2019.12.14-17.05.52:971][  0]LogTargetPlatformManager: Display: Loaded TargetPlatform 'WindowsServer'
[2019.12.14-17.05.52:971][  0]LogTargetPlatformManager: Display: Building Assets For Windows
[2019.12.14-17.05.53:046][  0]LogAudioDebug: Display: Lib vorbis DLL was dynamically loaded.
[2019.12.14-17.05.53:291][  0]LogShaderCompilers: Guid format shader working directory is -72 characters bigger than the processId version (../../../../../../skola/2/Technology-Driven Experimental Game Design/module3/GoodMorningSimulator/GoodMorningSimulator/Intermediate/Shaders/WorkingDirectory/37020/).
[2019.12.14-17.05.53:292][  0]LogShaderCompilers: Cleaned the shader compiler working directory 'C:/Users/travis/AppData/Local/Temp/UnrealShaderWorkingDir/62010CCB492243977B5FF9B727C2850A/'.
[2019.12.14-17.05.53:292][  0]LogXGEController: Cleaning working directory: C:/Users/travis/AppData/Local/Temp/UnrealXGEWorkingDir/
[2019.12.14-17.05.53:292][  0]LogXGEController: Cannot use XGE Controller as Incredibuild is not installed on this machine.
[2019.12.14-17.05.53:292][  0]LogShaderCompilers: Cannot use XGE Shader Compiler as Incredibuild is not installed on this machine.
[2019.12.14-17.05.53:292][  0]LogShaderCompilers: Display: Using Local Shader Compiler.
[2019.12.14-17.05.54:158][  0]LogDerivedDataCache: Display: Max Cache Size: 512 MB
[2019.12.14-17.05.54:764][  0]LogDerivedDataCache: Loaded boot cache 0.61s 79MB C:/Users/travis/AppData/Local/UnrealEngine/4.24/DerivedDataCache/Boot.ddc.
[2019.12.14-17.05.54:764][  0]LogDerivedDataCache: Display: Loaded Boot cache: C:/Users/travis/AppData/Local/UnrealEngine/4.24/DerivedDataCache/Boot.ddc
[2019.12.14-17.05.54:764][  0]LogDerivedDataCache: FDerivedDataBackendGraph:  Pak pak cache file ../../../../../../skola/2/Technology-Driven Experimental Game Design/module3/GoodMorningSimulator/GoodMorningSimulator/DerivedDataCache/DDC.ddp not found, will not use a pak cache.
[2019.12.14-17.05.54:764][  0]LogDerivedDataCache: Unable to find inner node Pak for hierarchical cache Hierarchy.
[2019.12.14-17.05.54:764][  0]LogDerivedDataCache: FDerivedDataBackendGraph:  CompressedPak pak cache file ../../../../../../skola/2/Technology-Driven Experimental Game Design/module3/GoodMorningSimulator/GoodMorningSimulator/DerivedDataCache/Compressed.ddp not found, will not use a pak cache.
[2019.12.14-17.05.54:764][  0]LogDerivedDataCache: Unable to find inner node CompressedPak for hierarchical cache Hierarchy.
[2019.12.14-17.05.54:808][  0]LogDerivedDataCache: Display: Pak cache opened for reading ../../../Engine/DerivedDataCache/Compressed.ddp.
[2019.12.14-17.05.54:808][  0]LogDerivedDataCache: FDerivedDataBackendGraph:  EnterprisePak pak cache file ../../../Enterprise/DerivedDataCache/Compressed.ddp not found, will not use a pak cache.
[2019.12.14-17.05.54:808][  0]LogDerivedDataCache: Unable to find inner node EnterprisePak for hierarchical cache Hierarchy.
[2019.12.14-17.05.54:810][  0]LogDerivedDataCache: Using Local data cache path D:/skola/2/Technology-Driven Experimental Game Design/module3/Exercises/Exercise1/MyProject/LocalDerivedCache: Writable
[2019.12.14-17.05.54:811][  0]LogDerivedDataCache: Using Shared data cache path D:/skola/2/Technology-Driven Experimental Game Design/module3/Exercises/Exercise1/MyProject/SharedDerivedCache: Writable
[2019.12.14-17.05.54:839][  0]LogMaterial: Verifying Global Shaders for PCD3D_SM5
[2019.12.14-17.05.54:851][  0]LogSlate: Using FreeType 2.10.0
[2019.12.14-17.05.54:852][  0]LogSlate: SlateFontServices - WITH_FREETYPE: 1, WITH_HARFBUZZ: 1
[2019.12.14-17.05.55:014][  0]LogAssetRegistry: FAssetRegistry took 0.0026 seconds to start up
[2019.12.14-17.05.56:134][  0]LogInit: Selected Device Profile: [Windows]
[2019.12.14-17.05.56:717][  0]LogMeshReduction: Using QuadricMeshReduction for automatic static mesh reduction
[2019.12.14-17.05.56:717][  0]LogMeshReduction: Using SimplygonMeshReduction for automatic skeletal mesh reduction
[2019.12.14-17.05.56:717][  0]LogMeshReduction: Using ProxyLODMeshReduction for automatic mesh merging
[2019.12.14-17.05.56:717][  0]LogMeshReduction: No distributed automatic mesh merging module available
[2019.12.14-17.05.56:717][  0]LogMeshMerging: No distributed automatic mesh merging module available
[2019.12.14-17.05.56:740][  0]LogNetVersion: GoodMorningSimulator 1.0.0, NetCL: 10570792, EngineNetVer: 13, GameNetVer: 0 (Checksum: 1985590125)
[2019.12.14-17.06.03:408][  0]LogPackageLocalizationCache: Processed 10 localized package path(s) for 1 prioritized culture(s) in 0.051936 seconds
[2019.12.14-17.06.03:418][  0]LogUObjectArray: 46750 objects as part of root set at end of initial load.
[2019.12.14-17.06.03:418][  0]LogUObjectAllocator: 8137160 out of 0 bytes used by permanent object pool.
[2019.12.14-17.06.03:418][  0]LogUObjectArray: CloseDisregardForGC: 0/0 objects in disregard for GC pool
[2019.12.14-17.06.05:506][  0]LogTcpMessaging: Initializing TcpMessaging bridge
[2019.12.14-17.06.05:519][  0]LogUdpMessaging: Initializing bridge on interface 0.0.0.0:0 to multicast group 230.0.0.1:6666.
[2019.12.14-17.06.05:885][  0]SourceControl: Source control is disabled
[2019.12.14-17.06.05:885][  0]SourceControl: Source control is disabled
[2019.12.14-17.06.05:978][  0]SourceControl: Source control is disabled
[2019.12.14-17.06.05:994][  0]SourceControl: Source control is disabled
[2019.12.14-17.06.06:026][  0]SourceControl: Source control is disabled
[2019.12.14-17.06.06:792][  0]LogAndroidPermission: UAndroidPermissionCallbackProxy::GetInstance
[2019.12.14-17.06.06:966][  0]LogAudioCaptureCore: Display: No Audio Capture implementations found. Audio input will be silent.
[2019.12.14-17.06.06:967][  0]LogAudioCaptureCore: Display: No Audio Capture implementations found. Audio input will be silent.
[2019.12.14-17.06.08:464][  0]LogOcInput: OculusInput pre-init called
[2019.12.14-17.06.08:509][  0]LogWindows: Failed to load 'OVRPlugin.dll' (GetLastError=126)
[2019.12.14-17.06.08:509][  0]LogWindows: File 'OVRPlugin.dll' does not exist
[2019.12.14-17.06.08:896][  0]LogEngine: Initializing Engine...
[2019.12.14-17.06.08:898][  0]LogHMD: Failed to initialize OpenVR with code 110
[2019.12.14-17.06.08:899][  0]LogStats: UGameplayTagsManager::InitializeManager -  0.000 s
[2019.12.14-17.06.09:367][  0]LogInit: Initializing FReadOnlyCVARCache
[2019.12.14-17.06.09:588][  0]LogAIModule: Creating AISystem for world Untitled
[2019.12.14-17.06.09:607][  0]LogAudioMixer: Display: Audio Mixer Platform Settings:
[2019.12.14-17.06.09:607][  0]LogAudioMixer: Display: 	Sample Rate:						  48000
[2019.12.14-17.06.09:607][  0]LogAudioMixer: Display: 	Callback Buffer Frame Size Requested: 1024
[2019.12.14-17.06.09:607][  0]LogAudioMixer: Display: 	Callback Buffer Frame Size To Use:	  1024
[2019.12.14-17.06.09:607][  0]LogAudioMixer: Display: 	Number of buffers to queue:			  2
[2019.12.14-17.06.09:607][  0]LogAudioMixer: Display: 	Max Channels (voices):				  32
[2019.12.14-17.06.09:607][  0]LogAudioMixer: Display: 	Number of Async Source Workers:		  0
[2019.12.14-17.06.09:607][  0]LogAudio: Display: AudioDevice MaxSources: 32
[2019.12.14-17.06.09:607][  0]LogAudio: Display: Using built-in audio occlusion.
[2019.12.14-17.06.09:607][  0]LogAudioMixer: Display: Initializing audio mixer.
[2019.12.14-17.06.09:650][  0]LogAudioMixer: Display: Audio Device Output Speaker Info:
[2019.12.14-17.06.09:650][  0]LogAudioMixer: Display: Name: Reproduktory / Slúchadlá (Realtek Audio)
[2019.12.14-17.06.09:650][  0]LogAudioMixer: Display: Is Default: Yes
[2019.12.14-17.06.09:650][  0]LogAudioMixer: Display: Sample Rate: 48000
[2019.12.14-17.06.09:650][  0]LogAudioMixer: Display: Channel Count Used: 2
[2019.12.14-17.06.09:650][  0]LogAudioMixer: Display: Device Channel Count: 2
[2019.12.14-17.06.09:650][  0]LogAudioMixer: Display: Channel Order:
[2019.12.14-17.06.09:650][  0]LogAudioMixer: Display: 0: FrontLeft
[2019.12.14-17.06.09:650][  0]LogAudioMixer: Display: 1: FrontRight
[2019.12.14-17.06.10:237][  0]LogAudioMixer: Display: Using Audio Device Reproduktory / Slúchadlá (Realtek Audio)
[2019.12.14-17.06.10:264][  0]LogInit: FAudioDevice initialized.
[2019.12.14-17.06.10:264][  0]LogNetVersion: Set ProjectVersion to 1.0.0.0. Version Checksum will be recalculated on next use.
[2019.12.14-17.06.10:449][  0]LogDerivedDataCache: Saved boot cache 0.18s 79MB C:/Users/travis/AppData/Local/UnrealEngine/4.24/DerivedDataCache/Boot.ddc.
[2019.12.14-17.06.10:450][  0]LogInit: Texture streaming: Enabled
[2019.12.14-17.06.10:518][  0]LogEngineSessionManager: EngineSessionManager initialized
[2019.12.14-17.06.10:518][  0]LogEngineSessionManager: EngineSessionManager sent abnormal shutdown report. Type=Crashed, SessionId={894648AF-4ABA-E9BE-A39F-95BF91F40F8F}
[2019.12.14-17.06.10:518][  0]LogEditorSessionSummary: Verbose: Initializing EditorSessionSummaryWriter for editor session tracking
[2019.12.14-17.06.10:522][  0]LogEditorSessionSummary: EditorSessionSummaryWriter initialized
[2019.12.14-17.06.10:686][  0]LogInit: Transaction tracking system initialized
[2019.12.14-17.06.10:886][  0]BlueprintLog: New page: Editor Load
[2019.12.14-17.06.11:252][  0]LocalizationService: Localization service is disabled
[2019.12.14-17.06.12:569][  0]LogFileCache: Scanning file cache for directory 'D:/skola/2/Technology-Driven Experimental Game Design/module3/GoodMorningSimulator/GoodMorningSimulator/Content/' took 0.00s
[2019.12.14-17.06.12:569][  0]LogCook: Display: Max memory allowance for cook 16384mb min free memory 0mb
[2019.12.14-17.06.12:569][  0]LogCook: Display: Mobile HDR setting 1
[2019.12.14-17.06.15:285][  0]SourceControl: Source control is disabled
[2019.12.14-17.06.15:465][  0]LogSlate: Took 0.000322 seconds to synchronously load lazily loaded font '../../../Engine/Content/Slate/Fonts/Roboto-Regular.ttf' (155K)
[2019.12.14-17.06.36:287][  0]LogSlate: Window 'Restore Packages' being destroyed
[2019.12.14-17.06.36:372][  0]LogWindowsTextInputMethodSystem: Display: IME system now deactivated.
[2019.12.14-17.06.36:376][  0]LogWindowsTextInputMethodSystem: Display: IME system now deactivated.
[2019.12.14-17.06.39:347][  0]LogSlate: Window 'Unable to Check Out From Source Control!' being destroyed
[2019.12.14-17.06.39:348][  0]LogWindowsTextInputMethodSystem: Display: IME system now deactivated.
[2019.12.14-17.06.39:352][  0]LogWindowsTextInputMethodSystem: Display: IME system now deactivated.
[2019.12.14-17.06.39:360][  0]LightingResults: New page: Lighting Build
[2019.12.14-17.06.39:452][  0]LogWorld: UWorld::CleanupWorld for Untitled, bSessionEnded=true, bCleanupResources=true
[2019.12.14-17.06.39:453][  0]LogSlate: InvalidateAllWidgets triggered.  All widgets were invalidated
[2019.12.14-17.06.39:453][  0]MapCheck: New page: Map Check
[2019.12.14-17.06.39:453][  0]LightingResults: New page: Lighting Build
[2019.12.14-17.06.39:485][  0]LogUObjectHash: Compacting FUObjectHashTables data took   2.63ms
[2019.12.14-17.06.39:503][  0]LogProperty: Error: UStructProperty::Serialize Loading: Property 'StructProperty /Game/Blueprints/Actors/BP_LiquidBase.BP_LiquidBase_C:LiquidCompound'. Unknown structure.
[2019.12.14-17.06.39:504][  0]LogClass: Warning: Property LiquidCompound of LiquidCompound has a struct type mismatch (tag STRUCT_REINST_BPS_LiquidCompound_2 != prop FallbackStruct) in package:  ../../../../../../skola/2/Technology-Driven Experimental Game Design/module3/GoodMorningSimulator/GoodMorningSimulator/Content/Blueprints/Actors/BP_LiquidBase.uasset. If that struct got renamed, add an entry to ActiveStructRedirects.
[2019.12.14-17.06.39:507][  0]LogClass: Warning: Property LiquidCompound of LiquidCompound has a struct type mismatch (tag FallbackStruct != prop BPS_LiquidCompound) in package:  FObjectReader. If that struct got renamed, add an entry to ActiveStructRedirects.
[2019.12.14-17.06.40:687][  0]LogAIModule: Creating AISystem for world MainLevel
[2019.12.14-17.06.40:834][  0]LogEditorServer: Finished looking for orphan Actors (0.000 secs)
[2019.12.14-17.06.40:862][  0]LogUObjectHash: Compacting FUObjectHashTables data took   2.78ms
[2019.12.14-17.06.40:863][  0]Cmd: MAP CHECKDEP NOCLEARLOG
[2019.12.14-17.06.40:864][  0]MapCheck: Map check complete: 0 Error(s), 0 Warning(s), took 0.147ms to complete.
[2019.12.14-17.06.40:864][  0]LogFileHelpers: Loading map 'MainLevel' took 1.504
[2019.12.14-17.06.41:141][  0]LogSlate: Updating window title bar state: overlay mode, drag disabled, window buttons hidden, title bar hidden
[2019.12.14-17.06.41:149][  0]LogSlate: Updating window title bar state: overlay mode, drag disabled, window buttons hidden, title bar hidden
[2019.12.14-17.06.41:155][  0]LogSlate: Updating window title bar state: overlay mode, drag disabled, window buttons hidden, title bar hidden
[2019.12.14-17.06.41:162][  0]LogSlate: Updating window title bar state: overlay mode, drag disabled, window buttons hidden, title bar hidden
[2019.12.14-17.06.41:331][  0]LogCollectionManager: Loaded 0 collections in 0.000866 seconds
[2019.12.14-17.06.41:366][  0]LogFileCache: Scanning file cache for directory 'D:/skola/2/Technology-Driven Experimental Game Design/module3/GoodMorningSimulator/GoodMorningSimulator/Saved/Collections/' took 0.00s
[2019.12.14-17.06.41:366][  0]LogFileCache: Scanning file cache for directory 'D:/skola/2/Technology-Driven Experimental Game Design/module3/GoodMorningSimulator/GoodMorningSimulator/Content/Developers/travis/Collections/' took 0.00s
[2019.12.14-17.06.41:366][  0]LogFileCache: Scanning file cache for directory 'D:/skola/2/Technology-Driven Experimental Game Design/module3/GoodMorningSimulator/GoodMorningSimulator/Content/Collections/' took 0.00s
[2019.12.14-17.06.41:366][  0]LogContentBrowser: Native class hierarchy populated in 0.0092 seconds. Added 3017 classes and 720 folders.
[2019.12.14-17.06.41:397][  0]LogContentBrowser: Native class hierarchy updated for 'WidgetCarousel' in 0.0004 seconds. Added 0 classes and 0 folders.
[2019.12.14-17.06.41:465][  0]LogContentBrowser: Native class hierarchy updated for 'AddContentDialog' in 0.0002 seconds. Added 0 classes and 0 folders.
[2019.12.14-17.06.41:515][  0]LogSlate: Took 0.000979 seconds to synchronously load lazily loaded font '../../../Engine/Content/Slate/Fonts/Roboto-Bold.ttf' (160K)
[2019.12.14-17.06.41:580][  0]LogSlate: Took 0.061072 seconds to synchronously load lazily loaded font '../../../Engine/Content/Editor/Slate/Fonts/FontAwesome.ttf' (139K)
[2019.12.14-17.06.41:591][  0]LogSlate: Took 0.010440 seconds to synchronously load lazily loaded font '../../../Engine/Content/Slate/Fonts/DroidSansMono.ttf' (77K)
[2019.12.14-17.06.41:702][  0]LogRenderer: Reallocating scene render targets to support 1376x384 Format 10 NumSamples 1 (Frame:1).
[2019.12.14-17.06.41:965][  0]LogContentBrowser: Native class hierarchy updated for 'HierarchicalLODOutliner' in 0.0003 seconds. Added 0 classes and 0 folders.
[2019.12.14-17.06.41:965][  0]LogLoad: (Engine Initialization) Total time: 70.33 seconds
[2019.12.14-17.06.41:965][  0]LogLoad: (Engine Initialization) Total Blueprint compile time: 0.00 seconds
[2019.12.14-17.06.42:074][  0]LogContentStreaming: Texture pool size now 800 MB
[2019.12.14-17.06.42:549][  8]LogAssetRegistry: Asset discovery search completed in 47.5362 seconds
[2019.12.14-17.06.42:552][  8]LogCollectionManager: Fixed up redirectors for 0 collections in 0.000007 seconds (updated 0 objects)
[2019.12.14-17.06.43:060][ 32]LogSlate: Took 0.015927 seconds to synchronously load lazily loaded font '../../../Engine/Content/Slate/Fonts/Roboto-Light.ttf' (167K)
[2019.12.14-17.06.45:525][162]LogSlate: Took 0.000155 seconds to synchronously load lazily loaded font '../../../Engine/Content/Slate/Fonts/Roboto-Light.ttf' (167K)
[2019.12.14-17.06.50:599][463]LogAssetEditorSubsystem: Opening Asset editor for Blueprint /Game/Blueprints/Actors/Knobs/BP_JuicePackage.BP_JuicePackage
[2019.12.14-17.06.50:907][463]LogContentBrowser: Native class hierarchy updated for 'BlueprintGraph' in 0.0007 seconds. Added 121 classes and 0 folders.
[2019.12.14-17.06.51:780][463]LogAssetEditorSubsystem: Opening Asset editor for Blueprint /Game/Blueprints/Actors/Knobs/BP_Glass.BP_Glass
[2019.12.14-17.06.52:131][463]LogAssetEditorSubsystem: Opening Asset editor for Blueprint /Game/Blueprints/Actors/BP_LiquidBase.BP_LiquidBase
[2019.12.14-17.06.52:447][463]LogAssetEditorSubsystem: Opening Asset editor for Material /Game/Materials/M_LiquidMaterial.M_LiquidMaterial
[2019.12.14-17.06.52:453][463]LogMaterial: Display: Missing cached shader map for material M_LiquidMaterial, compiling. 
[2019.12.14-17.06.52:963][463]LogMaterial: Display: Missing cached shader map for material M_LiquidMaterial, compiling. 
[2019.12.14-17.06.53:017][463]LogMaterial: Display: Missing cached shader map for material M_LiquidMaterial, compiling. 
[2019.12.14-17.06.53:035][463]LogShaderCompilers: Display: Worker (1/5): shaders left to compile 9
[2019.12.14-17.06.53:035][463]LogShaderCompilers: Display: Worker (2/5): shaders left to compile 8
[2019.12.14-17.06.53:035][463]LogShaderCompilers: Display: Worker (3/5): shaders left to compile 7
[2019.12.14-17.06.53:035][463]LogShaderCompilers: Display: Worker (4/5): shaders left to compile 6
[2019.12.14-17.06.53:134][463]LogMaterial: Display: Missing cached shader map for material FMatExpressionPreview MaterialExpressionVectorParameter_0, compiling. 
[2019.12.14-17.06.53:200][463]LogSlate: Took 0.012088 seconds to synchronously load lazily loaded font '../../../Engine/Content/Slate/Fonts/Roboto-BoldCondensed.ttf' (158K)
[2019.12.14-17.06.53:283][463]LogRenderer: Reallocating scene render targets to support 1376x456 Format 10 NumSamples 1 (Frame:1).
[2019.12.14-17.06.53:283][463]LogStaticMesh: Allocated 8x8x8 distance field atlas = 0.0Mb, with 1 objects containing 0.0Mb backing data
[2019.12.14-17.06.53:353][466]LogSlate: Took 0.000222 seconds to synchronously load lazily loaded font '../../../Engine/Content/Slate/Fonts/Roboto-Italic.ttf' (157K)
[2019.12.14-17.06.54:615][506]LogShaderCompilers: Display: Worker (3/5): shaders left to compile 9
[2019.12.14-17.06.54:711][509]LogShaderCompilers: Display: Worker (2/5): shaders left to compile 8
[2019.12.14-17.06.55:120][524]LogShaderCompilers: Display: Worker (1/5): shaders left to compile 7
[2019.12.14-17.06.55:312][531]LogShaderCompilers: Display: Worker (4/5): shaders left to compile 6
[2019.12.14-17.06.55:420][535]LogShaderCompilers: Display: Worker (2/5): shaders left to compile 5
[2019.12.14-17.06.55:903][551]LogShaderCompilers: Display: Worker (3/5): shaders left to compile 4
[2019.12.14-17.06.56:056][556]LogShaderCompilers: Display: Worker (1/5): shaders left to compile 3
[2019.12.14-17.06.56:082][557]LogShaderCompilers: Display: Worker (2/5): shaders left to compile 2
[2019.12.14-17.06.56:448][569]LogShaderCompilers: Display: Worker (4/5): shaders left to compile 1
[2019.12.14-17.06.56:503][570]MaterialEditorStats: Base pass shader: 119 instructions
[2019.12.14-17.06.56:504][570]MaterialEditorStats: Base pass shader with Volumetric Lightmap: 193 instructions
[2019.12.14-17.06.56:504][570]MaterialEditorStats: Base pass vertex shader: 40 instructions
[2019.12.14-17.06.56:504][570]MaterialEditorStats: Texture samplers: 2/16
[2019.12.14-17.07.58:756][ 81]Cmd: TRANSACTION UNDO
[2019.12.14-17.07.58:756][ 81]LogEditorTransaction: Undo Remove Parameter
[2019.12.14-17.07.58:949][ 81]LogMaterial: Display: Missing cached shader map for material M_LiquidMaterial, compiling. 
[2019.12.14-17.07.59:079][ 81]LogShaderCompilers: Display: Worker (1/5): shaders left to compile 9
[2019.12.14-17.07.59:079][ 81]LogShaderCompilers: Display: Worker (2/5): shaders left to compile 8
[2019.12.14-17.07.59:079][ 81]LogShaderCompilers: Display: Worker (3/5): shaders left to compile 7
[2019.12.14-17.07.59:079][ 81]LogShaderCompilers: Display: Worker (4/5): shaders left to compile 6
[2019.12.14-17.07.59:826][103]LogShaderCompilers: Display: Worker (3/5): shaders left to compile 5
[2019.12.14-17.07.59:940][107]Cmd: TRANSACTION UNDO
[2019.12.14-17.07.59:940][107]LogEditorTransaction: Undo Add Out Parameter
[2019.12.14-17.08.00:061][107]LogMaterial: Display: Missing cached shader map for material M_LiquidMaterial, compiling. 
[2019.12.14-17.08.00:294][111]LogShaderCompilers: Display: Worker (1/5): shaders left to compile 9
[2019.12.14-17.08.00:318][112]LogShaderCompilers: Display: Worker (4/5): shaders left to compile 8
[2019.12.14-17.08.00:348][113]LogShaderCompilers: Display: Worker (2/5): shaders left to compile 7
[2019.12.14-17.08.01:049][138]LogShaderCompilers: Display: Worker (3/5): shaders left to compile 6
[2019.12.14-17.08.01:083][139]LogShaderCompilers: Display: Worker (2/5): shaders left to compile 5
[2019.12.14-17.08.01:666][156]LogShaderCompilers: Display: Worker (4/5): shaders left to compile 4
[2019.12.14-17.08.01:699][157]LogShaderCompilers: Display: Worker (1/5): shaders left to compile 3
[2019.12.14-17.08.02:430][178]LogShaderCompilers: Display: Worker (4/5): shaders left to compile 2
[2019.12.14-17.08.02:495][180]LogShaderCompilers: Display: Worker (3/5): shaders left to compile 1
[2019.12.14-17.08.03:391][213]MaterialEditorStats: Base pass shader: 119 instructions
[2019.12.14-17.08.03:391][213]MaterialEditorStats: Base pass shader with Volumetric Lightmap: 193 instructions
[2019.12.14-17.08.03:391][213]MaterialEditorStats: Base pass vertex shader: 40 instructions
[2019.12.14-17.08.03:391][213]MaterialEditorStats: Texture samplers: 2/16
[2019.12.14-17.08.09:207][541]Cmd: TRANSACTION UNDO
[2019.12.14-17.08.09:207][541]LogEditorTransaction: Undo Add Out Parameter
[2019.12.14-17.08.09:268][541]LogMaterial: Display: Missing cached shader map for material M_LiquidMaterial, compiling. 
[2019.12.14-17.08.09:376][542]LogShaderCompilers: Display: Worker (1/5): shaders left to compile 9
[2019.12.14-17.08.09:376][542]LogShaderCompilers: Display: Worker (2/5): shaders left to compile 8
[2019.12.14-17.08.09:376][542]LogShaderCompilers: Display: Worker (3/5): shaders left to compile 7
[2019.12.14-17.08.09:376][542]LogShaderCompilers: Display: Worker (4/5): shaders left to compile 6
[2019.12.14-17.08.09:816][551]LogShaderCompilers: Display: Worker (3/5): shaders left to compile 5
[2019.12.14-17.08.10:308][570]LogShaderCompilers: Display: Worker (1/5): shaders left to compile 4
[2019.12.14-17.08.10:358][572]LogShaderCompilers: Display: Worker (4/5): shaders left to compile 3
[2019.12.14-17.08.10:380][573]LogShaderCompilers: Display: Worker (2/5): shaders left to compile 2
[2019.12.14-17.08.10:972][596]LogShaderCompilers: Display: Worker (3/5): shaders left to compile 1
[2019.12.14-17.08.11:504][621]MaterialEditorStats: Base pass shader: 119 instructions
[2019.12.14-17.08.11:504][621]MaterialEditorStats: Base pass shader with Volumetric Lightmap: 193 instructions
[2019.12.14-17.08.11:504][621]MaterialEditorStats: Base pass vertex shader: 40 instructions
[2019.12.14-17.08.11:504][621]MaterialEditorStats: Texture samplers: 2/16
[2019.12.14-17.08.22:124][227]LogSlate: Took 0.000245 seconds to synchronously load lazily loaded font '../../../Engine/Content/Slate/Fonts/Roboto-BoldCondensedItalic.ttf' (160K)
[2019.12.14-17.09.40:322][796]LogSavePackage: Moving '../../../../../../skola/2/Technology-Driven Experimental Game Design/module3/GoodMorningSimulator/GoodMorningSimulator/Saved/BP_Glass1401DDDC4D0EDB980C29A9AB091F7E49.tmp' to '../../../../../../skola/2/Technology-Driven Experimental Game Design/module3/GoodMorningSimulator/GoodMorningSimulator/Content/Blueprints/Actors/Knobs/BP_Glass.uasset'
[2019.12.14-17.09.40:346][796]AssetCheck: New page: Asset Save: BP_Glass
[2019.12.14-17.09.40:346][796]LogContentValidation: Display: Validating Blueprint /Game/Blueprints/Actors/Knobs/BP_Glass.BP_Glass
[2019.12.14-17.09.41:487][856]BlueprintLog: New page: Compile BP_Glass
[2019.12.14-17.09.41:735][856]LogUObjectHash: Compacting FUObjectHashTables data took   4.11ms
[2019.12.14-17.09.42:338][878]LogSavePackage: Moving '../../../../../../skola/2/Technology-Driven Experimental Game Design/module3/GoodMorningSimulator/GoodMorningSimulator/Saved/BP_Glass839F67394CF75024600A66A289389C42.tmp' to '../../../../../../skola/2/Technology-Driven Experimental Game Design/module3/GoodMorningSimulator/GoodMorningSimulator/Content/Blueprints/Actors/Knobs/BP_Glass.uasset'
[2019.12.14-17.09.42:352][878]AssetCheck: New page: Asset Save: BP_Glass
[2019.12.14-17.09.42:353][878]LogContentValidation: Display: Validating Blueprint /Game/Blueprints/Actors/Knobs/BP_Glass.BP_Glass
[2019.12.14-17.15.01:504][171]LogAssetEditorSubsystem: Opening Asset editor for UserDefinedStruct /Game/Blueprints/Actors/BPS_Liquid.BPS_Liquid
[2019.12.14-17.15.11:683][710]LogSlate: Window 'BP_LiquidBase' being destroyed
[2019.12.14-17.15.19:950][196]LogClass: UUserDefinedStruct.Serialize 'STRUCT_REINST_BPS_LiquidCompound_1' validation: Struct 'UserDefinedStruct /Engine/Transient.STRUCT_REINST_BPS_LiquidCompound_1' is empty
[2019.12.14-17.15.35:036][ 94]LogSavePackage: Moving '../../../../../../skola/2/Technology-Driven Experimental Game Design/module3/GoodMorningSimulator/GoodMorningSimulator/Saved/BPS_LiquidEDB92A684D72337702F61C84CB86D1BD.tmp' to '../../../../../../skola/2/Technology-Driven Experimental Game Design/module3/GoodMorningSimulator/GoodMorningSimulator/Content/Blueprints/Actors/BPS_Liquid.uasset'
[2019.12.14-17.15.35:052][ 94]AssetCheck: New page: Asset Save: BPS_Liquid
[2019.12.14-17.15.35:052][ 94]LogContentValidation: Display: Validating UserDefinedStruct /Game/Blueprints/Actors/BPS_Liquid.BPS_Liquid
[2019.12.14-17.16.00:644][ 36]LogSlate: Window 'Color Picker' being destroyed
[2019.12.14-17.16.09:462][558]LogEditorTransaction: Undo Delete current selection
[2019.12.14-17.16.09:582][558]LogMaterial: Display: Missing cached shader map for material M_LiquidMaterial, compiling. 
[2019.12.14-17.16.09:652][559]LogShaderCompilers: Display: Worker (1/5): shaders left to compile 9
[2019.12.14-17.16.09:652][559]LogShaderCompilers: Display: Worker (2/5): shaders left to compile 8
[2019.12.14-17.16.09:652][559]LogShaderCompilers: Display: Worker (3/5): shaders left to compile 7
[2019.12.14-17.16.09:652][559]LogShaderCompilers: Display: Worker (4/5): shaders left to compile 6
[2019.12.14-17.16.10:243][582]LogShaderCompilers: Display: Worker (3/5): shaders left to compile 5
[2019.12.14-17.16.10:683][608]LogShaderCompilers: Display: Worker (1/5): shaders left to compile 4
[2019.12.14-17.16.10:730][611]LogShaderCompilers: Display: Worker (2/5): shaders left to compile 3
[2019.12.14-17.16.10:730][611]LogShaderCompilers: Display: Worker (4/5): shaders left to compile 2
[2019.12.14-17.16.11:205][632]LogShaderCompilers: Display: Worker (3/5): shaders left to compile 1
[2019.12.14-17.16.11:576][653]MaterialEditorStats: Base pass shader: 119 instructions
[2019.12.14-17.16.11:576][653]MaterialEditorStats: Base pass shader with Volumetric Lightmap: 193 instructions
[2019.12.14-17.16.11:576][653]MaterialEditorStats: Base pass vertex shader: 40 instructions
[2019.12.14-17.16.11:576][653]MaterialEditorStats: Texture samplers: 2/16
[2019.12.14-17.16.35:203][698]LogSlate: Window 'Color Picker' being destroyed
[2019.12.14-17.16.35:804][731]LogSavePackage: Moving '../../../../../../skola/2/Technology-Driven Experimental Game Design/module3/GoodMorningSimulator/GoodMorningSimulator/Saved/BP_JuicePackageE803362B43DD3AA61C492A91E9990C83.tmp' to '../../../../../../skola/2/Technology-Driven Experimental Game Design/module3/GoodMorningSimulator/GoodMorningSimulator/Content/Blueprints/Actors/Knobs/BP_JuicePackage.uasset'
[2019.12.14-17.16.35:823][731]AssetCheck: New page: Asset Save: BP_JuicePackage
[2019.12.14-17.16.35:823][731]LogContentValidation: Display: Validating Blueprint /Game/Blueprints/Actors/Knobs/BP_JuicePackage.BP_JuicePackage
[2019.12.14-17.16.39:277][938]LogWorld: UWorld::CleanupWorld for World_1, bSessionEnded=true, bCleanupResources=true
[2019.12.14-17.16.39:277][938]LogSlate: InvalidateAllWidgets triggered.  All widgets were invalidated
[2019.12.14-17.17.49:165][ 41]LogEditorTransaction: Undo Break Pin Link
[2019.12.14-17.17.49:291][ 41]LogMaterial: Display: Missing cached shader map for material M_LiquidMaterial, compiling. 
[2019.12.14-17.17.49:415][ 42]LogShaderCompilers: Display: Worker (1/5): shaders left to compile 9
[2019.12.14-17.17.49:415][ 42]LogShaderCompilers: Display: Worker (2/5): shaders left to compile 8
[2019.12.14-17.17.49:415][ 42]LogShaderCompilers: Display: Worker (3/5): shaders left to compile 7
[2019.12.14-17.17.49:415][ 42]LogShaderCompilers: Display: Worker (4/5): shaders left to compile 6
[2019.12.14-17.17.49:896][ 61]LogShaderCompilers: Display: Worker (3/5): shaders left to compile 5
[2019.12.14-17.17.50:264][ 83]LogShaderCompilers: Display: Worker (1/5): shaders left to compile 4
[2019.12.14-17.17.50:279][ 84]LogShaderCompilers: Display: Worker (4/5): shaders left to compile 3
[2019.12.14-17.17.50:309][ 86]LogShaderCompilers: Display: Worker (2/5): shaders left to compile 2
[2019.12.14-17.17.50:708][109]LogShaderCompilers: Display: Worker (3/5): shaders left to compile 1
[2019.12.14-17.17.51:213][139]MaterialEditorStats: Base pass shader: 119 instructions
[2019.12.14-17.17.51:213][139]MaterialEditorStats: Base pass shader with Volumetric Lightmap: 193 instructions
[2019.12.14-17.17.51:213][139]MaterialEditorStats: Base pass vertex shader: 40 instructions
[2019.12.14-17.17.51:213][139]MaterialEditorStats: Texture samplers: 2/16
[2019.12.14-17.17.51:513][157]LogEditorTransaction: Undo Add Node
[2019.12.14-17.17.51:583][157]LogMaterial: Display: Missing cached shader map for material M_LiquidMaterial, compiling. 
[2019.12.14-17.17.51:619][158]LogShaderCompilers: Display: Worker (1/5): shaders left to compile 9
[2019.12.14-17.17.51:619][158]LogShaderCompilers: Display: Worker (2/5): shaders left to compile 8
[2019.12.14-17.17.51:619][158]LogShaderCompilers: Display: Worker (3/5): shaders left to compile 7
[2019.12.14-17.17.51:619][158]LogShaderCompilers: Display: Worker (4/5): shaders left to compile 6
[2019.12.14-17.17.52:099][187]LogShaderCompilers: Display: Worker (3/5): shaders left to compile 5
[2019.12.14-17.17.52:502][211]LogShaderCompilers: Display: Worker (1/5): shaders left to compile 4
[2019.12.14-17.17.52:519][212]LogShaderCompilers: Display: Worker (4/5): shaders left to compile 3
[2019.12.14-17.17.52:599][217]LogShaderCompilers: Display: Worker (2/5): shaders left to compile 2
[2019.12.14-17.17.53:036][243]LogShaderCompilers: Display: Worker (1/5): shaders left to compile 1
[2019.12.14-17.17.53:407][265]MaterialEditorStats: Base pass shader: 119 instructions
[2019.12.14-17.17.53:407][265]MaterialEditorStats: Base pass shader with Volumetric Lightmap: 193 instructions
[2019.12.14-17.17.53:407][265]MaterialEditorStats: Base pass vertex shader: 40 instructions
[2019.12.14-17.17.53:407][265]MaterialEditorStats: Texture samplers: 2/16
[2019.12.14-17.18.03:741][885]LogEditorTransaction: Redo Add Node
[2019.12.14-17.18.03:951][885]LogMaterial: Display: Missing cached shader map for material M_LiquidMaterial, compiling. 
[2019.12.14-17.18.03:965][885]LogShaderCompilers: Display: Worker (1/5): shaders left to compile 9
[2019.12.14-17.18.03:966][885]LogShaderCompilers: Display: Worker (2/5): shaders left to compile 8
[2019.12.14-17.18.03:966][885]LogShaderCompilers: Display: Worker (3/5): shaders left to compile 7
[2019.12.14-17.18.03:966][885]LogShaderCompilers: Display: Worker (4/5): shaders left to compile 6
[2019.12.14-17.18.04:514][903]LogShaderCompilers: Display: Worker (3/5): shaders left to compile 5
[2019.12.14-17.18.04:953][927]LogShaderCompilers: Display: Worker (1/5): shaders left to compile 4
[2019.12.14-17.18.04:953][927]LogShaderCompilers: Display: Worker (4/5): shaders left to compile 3
[2019.12.14-17.18.05:000][930]LogShaderCompilers: Display: Worker (2/5): shaders left to compile 2
[2019.12.14-17.18.05:417][955]LogShaderCompilers: Display: Worker (1/5): shaders left to compile 1
[2019.12.14-17.18.05:804][978]MaterialEditorStats: Base pass shader: 119 instructions
[2019.12.14-17.18.05:804][978]MaterialEditorStats: Base pass shader with Volumetric Lightmap: 193 instructions
[2019.12.14-17.18.05:804][978]MaterialEditorStats: Base pass vertex shader: 40 instructions
[2019.12.14-17.18.05:804][978]MaterialEditorStats: Texture samplers: 2/16
[2019.12.14-17.18.31:348][479]LogEditorTransaction: Undo Create Pin Link
[2019.12.14-17.18.31:495][479]LogMaterial: Display: Missing cached shader map for material M_LiquidMaterial, compiling. 
[2019.12.14-17.18.31:580][480]LogShaderCompilers: Display: Worker (1/5): shaders left to compile 9
[2019.12.14-17.18.31:580][480]LogShaderCompilers: Display: Worker (2/5): shaders left to compile 8
[2019.12.14-17.18.31:580][480]LogShaderCompilers: Display: Worker (3/5): shaders left to compile 7
[2019.12.14-17.18.31:580][480]LogShaderCompilers: Display: Worker (4/5): shaders left to compile 6
[2019.12.14-17.18.32:095][500]LogShaderCompilers: Display: Worker (3/5): shaders left to compile 5
[2019.12.14-17.18.32:478][523]LogShaderCompilers: Display: Worker (4/5): shaders left to compile 4
[2019.12.14-17.18.32:509][525]LogShaderCompilers: Display: Worker (2/5): shaders left to compile 3
[2019.12.14-17.18.32:510][525]LogShaderCompilers: Display: Worker (1/5): shaders left to compile 2
[2019.12.14-17.18.32:684][535]LogEditorTransaction: Undo Delete current selection
[2019.12.14-17.18.32:756][535]LogMaterial: Display: Missing cached shader map for material M_LiquidMaterial, compiling. 
[2019.12.14-17.18.32:845][535]LogShaderCompilers: Display: Worker (3/5): shaders left to compile 9
[2019.12.14-17.18.32:902][539]LogShaderCompilers: Display: Worker (4/5): shaders left to compile 8
[2019.12.14-17.18.33:283][562]LogShaderCompilers: Display: Worker (1/5): shaders left to compile 7
[2019.12.14-17.18.33:302][563]LogShaderCompilers: Display: Worker (2/5): shaders left to compile 6
[2019.12.14-17.18.33:702][587]LogShaderCompilers: Display: Worker (3/5): shaders left to compile 5
[2019.12.14-17.18.33:723][588]LogEditorTransaction: Undo Add Node
[2019.12.14-17.18.33:829][588]LogMaterial: Display: Missing cached shader map for material M_LiquidMaterial, compiling. 
[2019.12.14-17.18.33:840][588]LogShaderCompilers: Display: Worker (1/5): shaders left to compile 9
[2019.12.14-17.18.33:840][588]LogShaderCompilers: Display: Worker (4/5): shaders left to compile 8
[2019.12.14-17.18.33:972][595]LogShaderCompilers: Display: Worker (2/5): shaders left to compile 7
[2019.12.14-17.18.34:459][624]LogShaderCompilers: Display: Worker (3/5): shaders left to compile 6
[2019.12.14-17.18.34:476][625]LogShaderCompilers: Display: Worker (2/5): shaders left to compile 5
[2019.12.14-17.18.34:641][635]LogShaderCompilers: Display: Worker (1/5): shaders left to compile 4
[2019.12.14-17.18.34:690][638]LogShaderCompilers: Display: Worker (4/5): shaders left to compile 3
[2019.12.14-17.18.35:261][672]LogShaderCompilers: Display: Worker (1/5): shaders left to compile 2
[2019.12.14-17.18.35:373][679]LogShaderCompilers: Display: Worker (3/5): shaders left to compile 1
[2019.12.14-17.18.35:382][679]LogEditorTransaction: Undo Break Pin Link
[2019.12.14-17.18.35:474][679]LogMaterial: Display: Missing cached shader map for material M_LiquidMaterial, compiling. 
[2019.12.14-17.18.35:485][679]LogShaderCompilers: Display: Worker (2/5): shaders left to compile 9
[2019.12.14-17.18.35:485][679]LogShaderCompilers: Display: Worker (4/5): shaders left to compile 8
[2019.12.14-17.18.35:793][696]LogShaderCompilers: Display: Worker (3/5): shaders left to compile 7
[2019.12.14-17.18.35:910][703]LogShaderCompilers: Display: Worker (1/5): shaders left to compile 6
[2019.12.14-17.18.36:306][727]LogShaderCompilers: Display: Worker (3/5): shaders left to compile 5
[2019.12.14-17.18.36:338][729]LogShaderCompilers: Display: Worker (2/5): shaders left to compile 4
[2019.12.14-17.18.36:372][731]LogShaderCompilers: Display: Worker (4/5): shaders left to compile 3
[2019.12.14-17.18.36:627][746]LogShaderCompilers: Display: Worker (1/5): shaders left to compile 2
[2019.12.14-17.18.36:825][758]LogShaderCompilers: Display: Worker (2/5): shaders left to compile 1
[2019.12.14-17.18.37:364][790]MaterialEditorStats: Base pass shader: 119 instructions
[2019.12.14-17.18.37:364][790]MaterialEditorStats: Base pass shader with Volumetric Lightmap: 193 instructions
[2019.12.14-17.18.37:364][790]MaterialEditorStats: Base pass vertex shader: 40 instructions
[2019.12.14-17.18.37:364][790]MaterialEditorStats: Texture samplers: 2/16
[2019.12.14-17.19.21:769][ 77]LogUObjectHash: Compacting FUObjectHashTables data took   4.51ms
[2019.12.14-17.19.21:799][ 77]LogSavePackage: Moving '../../../../../../skola/2/Technology-Driven Experimental Game Design/module3/GoodMorningSimulator/GoodMorningSimulator/Saved/MainLevel_Auto120F0B9B94D9D7FCD935401BD4FDBB6DE.tmp' to '../../../../../../skola/2/Technology-Driven Experimental Game Design/module3/GoodMorningSimulator/GoodMorningSimulator/Saved/Autosaves/Game/Maps/MainLevel_Auto1.umap'
[2019.12.14-17.19.21:801][ 77]LogFileHelpers: Editor autosave (incl. sublevels) for '/Game/Maps/MainLevel' took 0.077
[2019.12.14-17.19.21:801][ 77]LogFileHelpers: Editor autosave (incl. sublevels) for all levels took 0.077
[2019.12.14-17.19.21:801][ 77]OBJ SavePackage: Generating thumbnails for [0] asset(s) in package [/Game/Blueprints/Actors/BP_LiquidBase] ([1] browsable assets)...
[2019.12.14-17.19.21:801][ 77]OBJ SavePackage: Finished generating thumbnails for package [/Game/Blueprints/Actors/BP_LiquidBase]
[2019.12.14-17.19.21:816][ 77]LogSavePackage: Moving '../../../../../../skola/2/Technology-Driven Experimental Game Design/module3/GoodMorningSimulator/GoodMorningSimulator/Saved/BP_LiquidBase_Auto1447B40464371AB4865ADFD938C451134.tmp' to '../../../../../../skola/2/Technology-Driven Experimental Game Design/module3/GoodMorningSimulator/GoodMorningSimulator/Saved/Autosaves/Game/Blueprints/Actors/BP_LiquidBase_Auto1.uasset'
[2019.12.14-17.19.21:817][ 77]OBJ SavePackage: Generating thumbnails for [0] asset(s) in package [/Game/Blueprints/Actors/BPS_LiquidCompound] ([1] browsable assets)...
[2019.12.14-17.19.21:817][ 77]OBJ SavePackage: Finished generating thumbnails for package [/Game/Blueprints/Actors/BPS_LiquidCompound]
[2019.12.14-17.19.21:825][ 77]LogSavePackage: Moving '../../../../../../skola/2/Technology-Driven Experimental Game Design/module3/GoodMorningSimulator/GoodMorningSimulator/Saved/BPS_LiquidCompound_Auto10177855C418E56C99F4F03949DE8120B.tmp' to '../../../../../../skola/2/Technology-Driven Experimental Game Design/module3/GoodMorningSimulator/GoodMorningSimulator/Saved/Autosaves/Game/Blueprints/Actors/BPS_LiquidCompound_Auto1.uasset'
[2019.12.14-17.19.21:826][ 77]OBJ SavePackage: Generating thumbnails for [1] asset(s) in package [/Game/Blueprints/Actors/Knobs/BP_Glass] ([1] browsable assets)...
[2019.12.14-17.19.21:865][ 77]OBJ SavePackage:     Rendered thumbnail for [Blueprint /Game/Blueprints/Actors/Knobs/BP_Glass.BP_Glass]
[2019.12.14-17.19.21:866][ 77]OBJ SavePackage: Finished generating thumbnails for package [/Game/Blueprints/Actors/Knobs/BP_Glass]
[2019.12.14-17.19.21:908][ 77]LogSavePackage: Moving '../../../../../../skola/2/Technology-Driven Experimental Game Design/module3/GoodMorningSimulator/GoodMorningSimulator/Saved/BP_Glass_Auto11EDE8CF44EE803DE525CE08259FEB83A.tmp' to '../../../../../../skola/2/Technology-Driven Experimental Game Design/module3/GoodMorningSimulator/GoodMorningSimulator/Saved/Autosaves/Game/Blueprints/Actors/Knobs/BP_Glass_Auto1.uasset'
[2019.12.14-17.19.21:909][ 77]LogFileHelpers: Auto-saving content packages took 0.108
[2019.12.14-17.21.34:594][223]LogSavePackage: Moving '../../../../../../skola/2/Technology-Driven Experimental Game Design/module3/GoodMorningSimulator/GoodMorningSimulator/Saved/BP_GlassF55171264F2EB02E0E61BEA02E53C188.tmp' to '../../../../../../skola/2/Technology-Driven Experimental Game Design/module3/GoodMorningSimulator/GoodMorningSimulator/Content/Blueprints/Actors/Knobs/BP_Glass.uasset'
[2019.12.14-17.21.34:610][223]AssetCheck: New page: Asset Save: BP_Glass
[2019.12.14-17.21.34:610][223]LogContentValidation: Display: Validating Blueprint /Game/Blueprints/Actors/Knobs/BP_Glass.BP_Glass
[2019.12.14-17.21.44:463][806]LogSavePackage: Moving '../../../../../../skola/2/Technology-Driven Experimental Game Design/module3/GoodMorningSimulator/GoodMorningSimulator/Saved/BP_Glass020937674265EF43ADBBE38499042F7C.tmp' to '../../../../../../skola/2/Technology-Driven Experimental Game Design/module3/GoodMorningSimulator/GoodMorningSimulator/Content/Blueprints/Actors/Knobs/BP_Glass.uasset'
[2019.12.14-17.21.44:478][806]AssetCheck: New page: Asset Save: BP_Glass
[2019.12.14-17.21.44:478][806]LogContentValidation: Display: Validating Blueprint /Game/Blueprints/Actors/Knobs/BP_Glass.BP_Glass
[2019.12.14-17.21.45:875][890]BlueprintLog: New page: Compile BP_Glass
[2019.12.14-17.21.45:878][890]LogBlueprint: Error: [Compiler BP_Glass] Can't connect pins  In Vec  and  Liquid Compound Color : Convert Linear Color Structure to Vector
[2019.12.14-17.21.45:879][890]LogBlueprint: Error: [Compiler BP_Glass] Can't connect pins  Liquid Compound Color  and  In Vec : Convert Linear Color Structure to Vector
[2019.12.14-17.21.46:329][890]LogUObjectHash: Compacting FUObjectHashTables data took   3.62ms
[2019.12.14-17.21.47:045][926]LogSavePackage: Moving '../../../../../../skola/2/Technology-Driven Experimental Game Design/module3/GoodMorningSimulator/GoodMorningSimulator/Saved/BP_Glass70175DAC46AF46155D32A1A5AD3ABD59.tmp' to '../../../../../../skola/2/Technology-Driven Experimental Game Design/module3/GoodMorningSimulator/GoodMorningSimulator/Content/Blueprints/Actors/Knobs/BP_Glass.uasset'
[2019.12.14-17.21.47:063][926]AssetCheck: New page: Asset Save: BP_Glass
[2019.12.14-17.21.47:063][926]LogContentValidation: Display: Validating Blueprint /Game/Blueprints/Actors/Knobs/BP_Glass.BP_Glass
[2019.12.14-17.22.14:598][562]LogSavePackage: Moving '../../../../../../skola/2/Technology-Driven Experimental Game Design/module3/GoodMorningSimulator/GoodMorningSimulator/Saved/BP_Glass5120C06D440A390AC4A120BE7CA0A2DF.tmp' to '../../../../../../skola/2/Technology-Driven Experimental Game Design/module3/GoodMorningSimulator/GoodMorningSimulator/Content/Blueprints/Actors/Knobs/BP_Glass.uasset'
[2019.12.14-17.22.14:614][562]AssetCheck: New page: Asset Save: BP_Glass
[2019.12.14-17.22.14:615][562]LogContentValidation: Display: Validating Blueprint /Game/Blueprints/Actors/Knobs/BP_Glass.BP_Glass
[2019.12.14-17.22.15:664][624]BlueprintLog: New page: Compile BP_Glass
[2019.12.14-17.22.15:890][624]LogUObjectHash: Compacting FUObjectHashTables data took   3.87ms
[2019.12.14-17.22.17:221][696]LogSavePackage: Moving '../../../../../../skola/2/Technology-Driven Experimental Game Design/module3/GoodMorningSimulator/GoodMorningSimulator/Saved/BP_Glass02BD14F84C428EBF86B1C6A499FE134F.tmp' to '../../../../../../skola/2/Technology-Driven Experimental Game Design/module3/GoodMorningSimulator/GoodMorningSimulator/Content/Blueprints/Actors/Knobs/BP_Glass.uasset'
[2019.12.14-17.22.17:236][696]AssetCheck: New page: Asset Save: BP_Glass
[2019.12.14-17.22.17:236][696]LogContentValidation: Display: Validating Blueprint /Game/Blueprints/Actors/Knobs/BP_Glass.BP_Glass
[2019.12.14-17.22.26:027][218]BlueprintLog: New page: Compile BP_LiquidBase
[2019.12.14-17.22.26:259][218]LogUObjectHash: Compacting FUObjectHashTables data took   4.92ms
[2019.12.14-17.22.26:819][246]LogSavePackage: Moving '../../../../../../skola/2/Technology-Driven Experimental Game Design/module3/GoodMorningSimulator/GoodMorningSimulator/Saved/BP_LiquidBaseB730378D442CA5990BFE43AF1EC546E0.tmp' to '../../../../../../skola/2/Technology-Driven Experimental Game Design/module3/GoodMorningSimulator/GoodMorningSimulator/Content/Blueprints/Actors/BP_LiquidBase.uasset'
[2019.12.14-17.22.26:835][246]AssetCheck: New page: Asset Save: BP_LiquidBase
[2019.12.14-17.22.26:835][246]LogContentValidation: Display: Validating Blueprint /Game/Blueprints/Actors/BP_LiquidBase.BP_LiquidBase
[2019.12.14-17.22.29:005][372]LogActorComponent: UnregisterComponent: (/Engine/Transient.EditorFloorComp) Not registered. Aborting.
[2019.12.14-17.22.29:005][372]LogWorld: UWorld::CleanupWorld for World_3, bSessionEnded=true, bCleanupResources=true
[2019.12.14-17.22.29:005][372]LogSlate: InvalidateAllWidgets triggered.  All widgets were invalidated
[2019.12.14-17.22.34:910][517]LogSlate: Window 'Message' being destroyed
[2019.12.14-17.22.35:395][517]LogMaterial: Display: Missing cached shader map for material M_LiquidMaterial, compiling. 
[2019.12.14-17.22.35:456][517]LogShaderCompilers: Display: Worker (1/5): shaders left to compile 9
[2019.12.14-17.22.35:456][517]LogShaderCompilers: Display: Worker (2/5): shaders left to compile 8
[2019.12.14-17.22.35:456][517]LogShaderCompilers: Display: Worker (3/5): shaders left to compile 7
[2019.12.14-17.22.35:456][517]LogShaderCompilers: Display: Worker (4/5): shaders left to compile 6
[2019.12.14-17.22.35:507][517]LogMaterial: Display: Missing cached shader map for material M_LiquidMaterial, compiling. 
[2019.12.14-17.22.35:581][517]LogUObjectHash: Compacting FUObjectHashTables data took   5.25ms
[2019.12.14-17.22.35:609][517]LogMaterial: Display: Missing cached shader map for material DebugViewMode MaterialTexCoordScale, compiling. 
[2019.12.14-17.22.37:022][517]LogShaderCompilers: Display: Worker (3/5): shaders left to compile 22
[2019.12.14-17.22.37:022][517]LogShaderCompilers: Display: Worker (1/5): shaders left to compile 21
[2019.12.14-17.22.37:022][517]LogShaderCompilers: Display: Worker (4/5): shaders left to compile 20
[2019.12.14-17.22.37:022][517]LogShaderCompilers: Display: Worker (2/5): shaders left to compile 19
[2019.12.14-17.22.37:022][517]LogShaderCompilers: Display: Worker (3/5): shaders left to compile 18
[2019.12.14-17.22.37:022][517]LogShaderCompilers: Display: Worker (1/5): shaders left to compile 17
[2019.12.14-17.22.37:022][517]LogShaderCompilers: Display: Worker (1/5): shaders left to compile 16
[2019.12.14-17.22.37:022][517]LogShaderCompilers: Display: Worker (4/5): shaders left to compile 15
[2019.12.14-17.22.37:022][517]LogShaderCompilers: Display: Worker (2/5): shaders left to compile 11
[2019.12.14-17.22.37:022][517]LogShaderCompilers: Display: Worker (3/5): shaders left to compile 8
[2019.12.14-17.22.37:022][517]LogShaderCompilers: Display: Worker (1/5): shaders left to compile 5
[2019.12.14-17.22.37:033][517]TextureStreamingBuild: Display: Compiling optional shaders took 1.451 seconds.
[2019.12.14-17.22.37:084][517]LogUObjectHash: Compacting FUObjectHashTables data took   1.99ms
[2019.12.14-17.22.37:198][517]LogWorld: UWorld::CleanupWorld for World_4, bSessionEnded=true, bCleanupResources=true
[2019.12.14-17.22.37:198][517]LogSlate: InvalidateAllWidgets triggered.  All widgets were invalidated
[2019.12.14-17.22.38:134][570]LogShaderCompilers: Display: Worker (1/5): shaders left to compile 3
[2019.12.14-17.22.38:908][615]LogShaderCompilers: Display: Worker (2/5): shaders left to compile 2
[2019.12.14-17.22.39:064][624]LogShaderCompilers: Display: Worker (4/5): shaders left to compile 1
[2019.12.14-17.22.40:486][708]LogActorComponent: UnregisterComponent: (/Engine/Transient.EditorFloorComp) Not registered. Aborting.
[2019.12.14-17.22.40:486][708]LogWorld: UWorld::CleanupWorld for World_2, bSessionEnded=true, bCleanupResources=true
[2019.12.14-17.22.40:486][708]LogSlate: InvalidateAllWidgets triggered.  All widgets were invalidated
